{"/Users/nsbuilduser/workspace/CLI-release/lib/common/yok.js":{"path":"/Users/nsbuilduser/workspace/CLI-release/lib/common/yok.js","s":{"1":1,"2":1,"3":1,"4":1,"5":5116,"6":5116,"7":5116,"8":1,"9":3046,"10":1,"11":3046,"12":1,"13":215,"14":215,"15":0,"16":1,"17":1,"18":1,"19":1,"20":1,"21":1,"22":1,"23":1,"24":1,"25":148,"26":148,"27":148,"28":148,"29":148,"30":148,"31":1,"32":35,"33":35,"34":35,"35":35,"36":34,"37":0,"38":34,"39":34,"40":16,"41":34,"42":35,"43":16,"44":16,"45":12,"46":19,"47":1,"48":49,"49":49,"50":49,"51":1,"52":1,"53":1,"54":1,"55":1,"56":1,"57":3,"58":3,"59":3,"60":3,"61":1,"62":3,"63":3,"64":3,"65":1,"66":1,"67":1,"68":0,"69":0,"70":1,"71":3,"72":3,"73":2,"74":2,"75":2,"76":2,"77":1,"78":1,"79":1,"80":3,"81":1,"82":53,"83":53,"84":53,"85":52,"86":1,"87":1,"88":127,"89":127,"90":127,"91":127,"92":127,"93":63,"94":1,"95":0,"96":0,"97":0,"98":0,"99":1,"100":19,"101":19,"102":19,"103":19,"104":19,"105":19,"106":19,"107":71,"108":71,"109":71,"110":71,"111":128,"112":23,"113":23,"114":23,"115":19,"116":15,"117":4,"118":1,"119":63,"120":63,"121":0,"122":0,"123":0,"124":0,"125":0,"126":0,"127":0,"128":0,"129":0,"130":0,"131":0,"132":0,"133":0,"134":0,"135":0,"136":0,"137":0,"138":0,"139":0,"140":0,"141":0,"142":63,"143":1,"144":69,"145":1,"146":0,"147":0,"148":0,"149":0,"150":0,"151":0,"152":0,"153":0,"154":0,"155":0,"156":0,"157":0,"158":0,"159":0,"160":0,"161":0,"162":0,"163":0,"164":1,"165":0,"166":1,"167":2070,"168":2070,"169":2070,"170":2070,"171":2070,"172":2070,"173":1368,"174":702,"175":2070,"176":1,"177":67,"178":67,"179":67,"180":3,"181":64,"182":63,"183":1,"184":3066,"185":20,"186":3046,"187":1,"188":0,"189":1,"190":0,"191":0,"192":0,"193":0,"194":0,"195":0,"196":0,"197":0,"198":0,"199":0,"200":0,"201":1,"202":1055,"203":1055,"204":1055,"205":2695,"206":20,"207":2675,"208":1054,"209":1054,"210":1053,"211":1053,"212":1053,"213":1053,"214":1052,"215":1,"216":1,"217":3046,"218":2675,"219":3046,"220":0,"221":3046,"222":3046,"223":3046,"224":3046,"225":3046,"226":3046,"227":3045,"228":0,"229":3045,"230":1035,"231":0,"232":1035,"233":3046,"234":3046,"235":3043,"236":1,"237":3046,"238":3046,"239":1,"240":3045,"241":2,"242":3045,"243":1,"244":0,"245":0,"246":0,"247":0,"248":0,"249":0,"250":0,"251":0,"252":0,"253":0,"254":1,"255":0,"256":1,"257":279,"258":1,"259":1,"260":1,"261":2,"262":2,"263":1,"264":1,"265":1,"266":1},"b":{"1":[215,0],"2":[34,1],"3":[0,34],"4":[34,4],"5":[16,18],"6":[16,19],"7":[35,34],"8":[12,4],"9":[16,16],"10":[2,1],"11":[2,0],"12":[1,1],"13":[0,53],"14":[52,1],"15":[63,64],"16":[54,17],"17":[23,48],"18":[128,109],"19":[15,4],"20":[0,0],"21":[0,0],"22":[0,0],"23":[0,0],"24":[0,0],"25":[0,0],"26":[0,0],"27":[0,0],"28":[0,0,0],"29":[0,0],"30":[0,0],"31":[0,0],"32":[0,0],"33":[0,0],"34":[0,0],"35":[2070,0],"36":[2070,1959],"37":[1368,702],"38":[3,64],"39":[20,3046],"40":[0,0],"41":[0,0],"42":[0,0],"43":[20,2675],"44":[2695,44],"45":[1053,1],"46":[1054,1053],"47":[2675,371],"48":[0,3046],"49":[0,3045],"50":[1035,2010],"51":[3045,2010],"52":[0,1035],"53":[1,3045],"54":[2,3043],"55":[0,0],"56":[1,1],"57":[2,2,2]},"f":{"1":5116,"2":3046,"3":3046,"4":215,"5":1,"6":1,"7":1,"8":148,"9":35,"10":35,"11":49,"12":49,"13":1,"14":1,"15":3,"16":3,"17":3,"18":3,"19":1,"20":0,"21":3,"22":1,"23":53,"24":127,"25":127,"26":0,"27":0,"28":19,"29":71,"30":128,"31":63,"32":0,"33":0,"34":0,"35":69,"36":0,"37":0,"38":2070,"39":67,"40":3066,"41":0,"42":0,"43":0,"44":0,"45":1055,"46":2695,"47":1053,"48":3046,"49":3046,"50":0,"51":0,"52":0,"53":0,"54":0,"55":279,"56":1,"57":2},"fnMap":{"1":{"name":"trace","line":6,"loc":{"start":{"line":6,"column":0},"end":{"line":6,"column":26}}},"2":{"name":"pushIndent","line":12,"loc":{"start":{"line":12,"column":0},"end":{"line":12,"column":22}}},"3":{"name":"popIndent","line":15,"loc":{"start":{"line":15,"column":0},"end":{"line":15,"column":21}}},"4":{"name":"forEachName","line":18,"loc":{"start":{"line":18,"column":0},"end":{"line":18,"column":36}}},"5":{"name":"register","line":26,"loc":{"start":{"line":26,"column":0},"end":{"line":26,"column":20}}},"6":{"name":"(anonymous_6)","line":31,"loc":{"start":{"line":31,"column":11},"end":{"line":31,"column":29}}},"7":{"name":"(anonymous_7)","line":36,"loc":{"start":{"line":36,"column":11},"end":{"line":36,"column":23}}},"8":{"name":"Yok","line":37,"loc":{"start":{"line":37,"column":4},"end":{"line":37,"column":19}}},"9":{"name":"(anonymous_9)","line":47,"loc":{"start":{"line":47,"column":35},"end":{"line":47,"column":58}}},"10":{"name":"(anonymous_10)","line":49,"loc":{"start":{"line":49,"column":27},"end":{"line":49,"column":50}}},"11":{"name":"(anonymous_11)","line":72,"loc":{"start":{"line":72,"column":28},"end":{"line":72,"column":51}}},"12":{"name":"(anonymous_12)","line":74,"loc":{"start":{"line":74,"column":27},"end":{"line":74,"column":43}}},"13":{"name":"(anonymous_13)","line":76,"loc":{"start":{"line":76,"column":34},"end":{"line":76,"column":57}}},"14":{"name":"(anonymous_14)","line":78,"loc":{"start":{"line":78,"column":27},"end":{"line":78,"column":43}}},"15":{"name":"(anonymous_15)","line":83,"loc":{"start":{"line":83,"column":39},"end":{"line":83,"column":62}}},"16":{"name":"(anonymous_16)","line":85,"loc":{"start":{"line":85,"column":27},"end":{"line":85,"column":43}}},"17":{"name":"(anonymous_17)","line":90,"loc":{"start":{"line":90,"column":40},"end":{"line":90,"column":62}}},"18":{"name":"(anonymous_18)","line":93,"loc":{"start":{"line":93,"column":17},"end":{"line":93,"column":29}}},"19":{"name":"(anonymous_19)","line":98,"loc":{"start":{"line":98,"column":37},"end":{"line":98,"column":59}}},"20":{"name":"(anonymous_20)","line":101,"loc":{"start":{"line":101,"column":17},"end":{"line":101,"column":29}}},"21":{"name":"(anonymous_21)","line":107,"loc":{"start":{"line":107,"column":44},"end":{"line":107,"column":60}}},"22":{"name":"(anonymous_22)","line":115,"loc":{"start":{"line":115,"column":39},"end":{"line":115,"column":51}}},"23":{"name":"(anonymous_23)","line":123,"loc":{"start":{"line":123,"column":31},"end":{"line":123,"column":53}}},"24":{"name":"(anonymous_24)","line":136,"loc":{"start":{"line":136,"column":36},"end":{"line":136,"column":63}}},"25":{"name":"(anonymous_25)","line":138,"loc":{"start":{"line":138,"column":27},"end":{"line":138,"column":43}}},"26":{"name":"(anonymous_26)","line":146,"loc":{"start":{"line":146,"column":38},"end":{"line":146,"column":54}}},"27":{"name":"(anonymous_27)","line":148,"loc":{"start":{"line":148,"column":49},"end":{"line":148,"column":68}}},"28":{"name":"(anonymous_28)","line":151,"loc":{"start":{"line":151,"column":45},"end":{"line":151,"column":96}}},"29":{"name":"(anonymous_29)","line":158,"loc":{"start":{"line":158,"column":37},"end":{"line":158,"column":52}}},"30":{"name":"(anonymous_30)","line":162,"loc":{"start":{"line":162,"column":61},"end":{"line":162,"column":75}}},"31":{"name":"(anonymous_31)","line":173,"loc":{"start":{"line":173,"column":46},"end":{"line":173,"column":62}}},"32":{"name":"(anonymous_32)","line":175,"loc":{"start":{"line":175,"column":22},"end":{"line":175,"column":34}}},"33":{"name":"(anonymous_33)","line":177,"loc":{"start":{"line":177,"column":25},"end":{"line":177,"column":41}}},"34":{"name":"(anonymous_34)","line":178,"loc":{"start":{"line":178,"column":28},"end":{"line":178,"column":40}}},"35":{"name":"(anonymous_35)","line":216,"loc":{"start":{"line":216,"column":47},"end":{"line":216,"column":92}}},"36":{"name":"(anonymous_36)","line":219,"loc":{"start":{"line":219,"column":47},"end":{"line":219,"column":88}}},"37":{"name":"(anonymous_37)","line":246,"loc":{"start":{"line":246,"column":37},"end":{"line":246,"column":60}}},"38":{"name":"(anonymous_38)","line":249,"loc":{"start":{"line":249,"column":29},"end":{"line":249,"column":63}}},"39":{"name":"(anonymous_39)","line":262,"loc":{"start":{"line":262,"column":35},"end":{"line":262,"column":51}}},"40":{"name":"(anonymous_40)","line":271,"loc":{"start":{"line":271,"column":28},"end":{"line":271,"column":60}}},"41":{"name":"(anonymous_41)","line":280,"loc":{"start":{"line":280,"column":13},"end":{"line":280,"column":25}}},"42":{"name":"(anonymous_42)","line":286,"loc":{"start":{"line":286,"column":32},"end":{"line":286,"column":54}}},"43":{"name":"(anonymous_43)","line":288,"loc":{"start":{"line":288,"column":16},"end":{"line":288,"column":28}}},"44":{"name":"(anonymous_44)","line":292,"loc":{"start":{"line":292,"column":51},"end":{"line":292,"column":66}}},"45":{"name":"(anonymous_45)","line":301,"loc":{"start":{"line":301,"column":39},"end":{"line":301,"column":70}}},"46":{"name":"(anonymous_46)","line":304,"loc":{"start":{"line":304,"column":49},"end":{"line":304,"column":70}}},"47":{"name":"(anonymous_47)","line":314,"loc":{"start":{"line":314,"column":28},"end":{"line":314,"column":40}}},"48":{"name":"(anonymous_48)","line":324,"loc":{"start":{"line":324,"column":34},"end":{"line":324,"column":65}}},"49":{"name":"(anonymous_49)","line":353,"loc":{"start":{"line":353,"column":38},"end":{"line":353,"column":54}}},"50":{"name":"(anonymous_50)","line":363,"loc":{"start":{"line":363,"column":47},"end":{"line":363,"column":69}}},"51":{"name":"(anonymous_51)","line":366,"loc":{"start":{"line":366,"column":51},"end":{"line":366,"column":73}}},"52":{"name":"(anonymous_52)","line":367,"loc":{"start":{"line":367,"column":44},"end":{"line":367,"column":67}}},"53":{"name":"(anonymous_53)","line":369,"loc":{"start":{"line":369,"column":42},"end":{"line":369,"column":61}}},"54":{"name":"(anonymous_54)","line":373,"loc":{"start":{"line":373,"column":45},"end":{"line":373,"column":68}}},"55":{"name":"(anonymous_55)","line":376,"loc":{"start":{"line":376,"column":38},"end":{"line":376,"column":54}}},"56":{"name":"(anonymous_56)","line":379,"loc":{"start":{"line":379,"column":28},"end":{"line":379,"column":40}}},"57":{"name":"(anonymous_57)","line":381,"loc":{"start":{"line":381,"column":42},"end":{"line":381,"column":64}}}},"statementMap":{"1":{"start":{"line":3,"column":0},"end":{"line":3,"column":27}},"2":{"start":{"line":4,"column":0},"end":{"line":4,"column":37}},"3":{"start":{"line":5,"column":0},"end":{"line":5,"column":16}},"4":{"start":{"line":6,"column":0},"end":{"line":11,"column":1}},"5":{"start":{"line":7,"column":4},"end":{"line":7,"column":18}},"6":{"start":{"line":8,"column":4},"end":{"line":10,"column":5}},"7":{"start":{"line":9,"column":8},"end":{"line":9,"column":37}},"8":{"start":{"line":12,"column":0},"end":{"line":14,"column":1}},"9":{"start":{"line":13,"column":4},"end":{"line":13,"column":19}},"10":{"start":{"line":15,"column":0},"end":{"line":17,"column":1}},"11":{"start":{"line":16,"column":4},"end":{"line":16,"column":33}},"12":{"start":{"line":18,"column":0},"end":{"line":25,"column":1}},"13":{"start":{"line":19,"column":4},"end":{"line":24,"column":5}},"14":{"start":{"line":20,"column":8},"end":{"line":20,"column":22}},"15":{"start":{"line":23,"column":8},"end":{"line":23,"column":30}},"16":{"start":{"line":26,"column":0},"end":{"line":34,"column":1}},"17":{"start":{"line":27,"column":4},"end":{"line":27,"column":18}},"18":{"start":{"line":28,"column":4},"end":{"line":30,"column":5}},"19":{"start":{"line":29,"column":8},"end":{"line":29,"column":37}},"20":{"start":{"line":31,"column":4},"end":{"line":33,"column":6}},"21":{"start":{"line":32,"column":8},"end":{"line":32,"column":44}},"22":{"start":{"line":35,"column":0},"end":{"line":35,"column":28}},"23":{"start":{"line":36,"column":0},"end":{"line":389,"column":5}},"24":{"start":{"line":37,"column":4},"end":{"line":46,"column":5}},"25":{"start":{"line":38,"column":8},"end":{"line":38,"column":45}},"26":{"start":{"line":39,"column":8},"end":{"line":39,"column":26}},"27":{"start":{"line":40,"column":8},"end":{"line":40,"column":37}},"28":{"start":{"line":41,"column":8},"end":{"line":41,"column":39}},"29":{"start":{"line":42,"column":8},"end":{"line":44,"column":10}},"30":{"start":{"line":45,"column":8},"end":{"line":45,"column":40}},"31":{"start":{"line":47,"column":4},"end":{"line":71,"column":6}},"32":{"start":{"line":48,"column":8},"end":{"line":48,"column":25}},"33":{"start":{"line":49,"column":8},"end":{"line":70,"column":11}},"34":{"start":{"line":50,"column":12},"end":{"line":50,"column":50}},"35":{"start":{"line":51,"column":12},"end":{"line":60,"column":13}},"36":{"start":{"line":52,"column":16},"end":{"line":54,"column":17}},"37":{"start":{"line":53,"column":20},"end":{"line":53,"column":97}},"38":{"start":{"line":55,"column":16},"end":{"line":55,"column":52}},"39":{"start":{"line":56,"column":16},"end":{"line":58,"column":17}},"40":{"start":{"line":57,"column":20},"end":{"line":57,"column":71}},"41":{"start":{"line":59,"column":16},"end":{"line":59,"column":95}},"42":{"start":{"line":61,"column":12},"end":{"line":69,"column":13}},"43":{"start":{"line":62,"column":16},"end":{"line":62,"column":74}},"44":{"start":{"line":63,"column":16},"end":{"line":65,"column":17}},"45":{"start":{"line":64,"column":20},"end":{"line":64,"column":78}},"46":{"start":{"line":68,"column":16},"end":{"line":68,"column":74}},"47":{"start":{"line":72,"column":4},"end":{"line":75,"column":6}},"48":{"start":{"line":73,"column":8},"end":{"line":73,"column":25}},"49":{"start":{"line":74,"column":8},"end":{"line":74,"column":85}},"50":{"start":{"line":74,"column":45},"end":{"line":74,"column":81}},"51":{"start":{"line":76,"column":4},"end":{"line":82,"column":6}},"52":{"start":{"line":77,"column":8},"end":{"line":77,"column":25}},"53":{"start":{"line":78,"column":8},"end":{"line":81,"column":11}},"54":{"start":{"line":79,"column":12},"end":{"line":79,"column":41}},"55":{"start":{"line":80,"column":12},"end":{"line":80,"column":47}},"56":{"start":{"line":83,"column":4},"end":{"line":89,"column":6}},"57":{"start":{"line":84,"column":8},"end":{"line":84,"column":25}},"58":{"start":{"line":85,"column":8},"end":{"line":88,"column":11}},"59":{"start":{"line":86,"column":12},"end":{"line":86,"column":41}},"60":{"start":{"line":87,"column":12},"end":{"line":87,"column":50}},"61":{"start":{"line":90,"column":4},"end":{"line":97,"column":6}},"62":{"start":{"line":91,"column":8},"end":{"line":91,"column":25}},"63":{"start":{"line":92,"column":8},"end":{"line":96,"column":11}},"64":{"start":{"line":94,"column":16},"end":{"line":94,"column":59}},"65":{"start":{"line":98,"column":4},"end":{"line":106,"column":6}},"66":{"start":{"line":99,"column":8},"end":{"line":99,"column":25}},"67":{"start":{"line":100,"column":8},"end":{"line":105,"column":11}},"68":{"start":{"line":102,"column":16},"end":{"line":102,"column":52}},"69":{"start":{"line":103,"column":16},"end":{"line":103,"column":57}},"70":{"start":{"line":107,"column":4},"end":{"line":122,"column":6}},"71":{"start":{"line":108,"column":8},"end":{"line":108,"column":56}},"72":{"start":{"line":109,"column":8},"end":{"line":120,"column":9}},"73":{"start":{"line":110,"column":12},"end":{"line":110,"column":47}},"74":{"start":{"line":111,"column":12},"end":{"line":119,"column":13}},"75":{"start":{"line":112,"column":16},"end":{"line":112,"column":75}},"76":{"start":{"line":113,"column":16},"end":{"line":118,"column":17}},"77":{"start":{"line":114,"column":20},"end":{"line":114,"column":70}},"78":{"start":{"line":115,"column":20},"end":{"line":117,"column":23}},"79":{"start":{"line":116,"column":24},"end":{"line":116,"column":38}},"80":{"start":{"line":121,"column":8},"end":{"line":121,"column":29}},"81":{"start":{"line":123,"column":4},"end":{"line":135,"column":6}},"82":{"start":{"line":124,"column":8},"end":{"line":124,"column":50}},"83":{"start":{"line":125,"column":8},"end":{"line":128,"column":10}},"84":{"start":{"line":129,"column":8},"end":{"line":134,"column":9}},"85":{"start":{"line":130,"column":12},"end":{"line":130,"column":44}},"86":{"start":{"line":133,"column":12},"end":{"line":133,"column":70}},"87":{"start":{"line":136,"column":4},"end":{"line":145,"column":6}},"88":{"start":{"line":137,"column":8},"end":{"line":137,"column":25}},"89":{"start":{"line":138,"column":8},"end":{"line":144,"column":11}},"90":{"start":{"line":139,"column":12},"end":{"line":139,"column":43}},"91":{"start":{"line":140,"column":12},"end":{"line":140,"column":68}},"92":{"start":{"line":141,"column":12},"end":{"line":143,"column":13}},"93":{"start":{"line":142,"column":16},"end":{"line":142,"column":61}},"94":{"start":{"line":146,"column":4},"end":{"line":150,"column":6}},"95":{"start":{"line":147,"column":8},"end":{"line":147,"column":58}},"96":{"start":{"line":148,"column":8},"end":{"line":148,"column":108}},"97":{"start":{"line":148,"column":70},"end":{"line":148,"column":104}},"98":{"start":{"line":149,"column":8},"end":{"line":149,"column":30}},"99":{"start":{"line":151,"column":4},"end":{"line":172,"column":6}},"100":{"start":{"line":152,"column":8},"end":{"line":152,"column":25}},"101":{"start":{"line":153,"column":8},"end":{"line":153,"column":79}},"102":{"start":{"line":154,"column":8},"end":{"line":154,"column":71}},"103":{"start":{"line":155,"column":8},"end":{"line":155,"column":54}},"104":{"start":{"line":156,"column":8},"end":{"line":156,"column":59}},"105":{"start":{"line":157,"column":8},"end":{"line":157,"column":36}},"106":{"start":{"line":158,"column":8},"end":{"line":167,"column":11}},"107":{"start":{"line":159,"column":12},"end":{"line":159,"column":36}},"108":{"start":{"line":160,"column":12},"end":{"line":160,"column":127}},"109":{"start":{"line":161,"column":12},"end":{"line":161,"column":60}},"110":{"start":{"line":162,"column":12},"end":{"line":166,"column":13}},"111":{"start":{"line":162,"column":77},"end":{"line":162,"column":151}},"112":{"start":{"line":163,"column":16},"end":{"line":163,"column":61}},"113":{"start":{"line":164,"column":16},"end":{"line":164,"column":61}},"114":{"start":{"line":165,"column":16},"end":{"line":165,"column":39}},"115":{"start":{"line":168,"column":8},"end":{"line":170,"column":9}},"116":{"start":{"line":169,"column":12},"end":{"line":169,"column":153}},"117":{"start":{"line":171,"column":8},"end":{"line":171,"column":25}},"118":{"start":{"line":173,"column":4},"end":{"line":215,"column":6}},"119":{"start":{"line":174,"column":8},"end":{"line":174,"column":25}},"120":{"start":{"line":175,"column":8},"end":{"line":213,"column":10}},"121":{"start":{"line":176,"column":12},"end":{"line":212,"column":14}},"122":{"start":{"line":178,"column":20},"end":{"line":210,"column":34}},"123":{"start":{"line":179,"column":24},"end":{"line":179,"column":83}},"124":{"start":{"line":180,"column":24},"end":{"line":180,"column":47}},"125":{"start":{"line":181,"column":24},"end":{"line":181,"column":75}},"126":{"start":{"line":182,"column":24},"end":{"line":182,"column":50}},"127":{"start":{"line":183,"column":24},"end":{"line":208,"column":25}},"128":{"start":{"line":184,"column":28},"end":{"line":184,"column":97}},"129":{"start":{"line":185,"column":28},"end":{"line":197,"column":29}},"130":{"start":{"line":186,"column":32},"end":{"line":186,"column":78}},"131":{"start":{"line":187,"column":32},"end":{"line":187,"column":90}},"132":{"start":{"line":190,"column":32},"end":{"line":190,"column":127}},"133":{"start":{"line":191,"column":32},"end":{"line":196,"column":33}},"134":{"start":{"line":192,"column":36},"end":{"line":192,"column":68}},"135":{"start":{"line":195,"column":36},"end":{"line":195,"column":60}},"136":{"start":{"line":200,"column":28},"end":{"line":207,"column":29}},"137":{"start":{"line":201,"column":32},"end":{"line":201,"column":101}},"138":{"start":{"line":204,"column":32},"end":{"line":204,"column":53}},"139":{"start":{"line":205,"column":32},"end":{"line":205,"column":71}},"140":{"start":{"line":206,"column":32},"end":{"line":206,"column":52}},"141":{"start":{"line":209,"column":24},"end":{"line":209,"column":130}},"142":{"start":{"line":214,"column":8},"end":{"line":214,"column":49}},"143":{"start":{"line":216,"column":4},"end":{"line":218,"column":6}},"144":{"start":{"line":217,"column":8},"end":{"line":217,"column":61}},"145":{"start":{"line":219,"column":4},"end":{"line":245,"column":6}},"146":{"start":{"line":220,"column":8},"end":{"line":243,"column":9}},"147":{"start":{"line":221,"column":12},"end":{"line":221,"column":73}},"148":{"start":{"line":222,"column":12},"end":{"line":224,"column":13}},"149":{"start":{"line":223,"column":16},"end":{"line":223,"column":28}},"150":{"start":{"line":225,"column":12},"end":{"line":225,"column":69}},"151":{"start":{"line":226,"column":12},"end":{"line":242,"column":13}},"152":{"start":{"line":227,"column":16},"end":{"line":227,"column":99}},"153":{"start":{"line":228,"column":16},"end":{"line":240,"column":17}},"154":{"start":{"line":229,"column":20},"end":{"line":229,"column":101}},"155":{"start":{"line":230,"column":20},"end":{"line":237,"column":21}},"156":{"start":{"line":231,"column":24},"end":{"line":233,"column":25}},"157":{"start":{"line":232,"column":28},"end":{"line":232,"column":86}},"158":{"start":{"line":234,"column":24},"end":{"line":236,"column":25}},"159":{"start":{"line":235,"column":28},"end":{"line":235,"column":40}},"160":{"start":{"line":238,"column":20},"end":{"line":238,"column":61}},"161":{"start":{"line":239,"column":20},"end":{"line":239,"column":100}},"162":{"start":{"line":241,"column":16},"end":{"line":241,"column":28}},"163":{"start":{"line":244,"column":8},"end":{"line":244,"column":21}},"164":{"start":{"line":246,"column":4},"end":{"line":248,"column":6}},"165":{"start":{"line":247,"column":8},"end":{"line":247,"column":76}},"166":{"start":{"line":249,"column":4},"end":{"line":261,"column":6}},"167":{"start":{"line":250,"column":8},"end":{"line":250,"column":49}},"168":{"start":{"line":250,"column":33},"end":{"line":250,"column":47}},"169":{"start":{"line":251,"column":8},"end":{"line":251,"column":39}},"170":{"start":{"line":252,"column":8},"end":{"line":252,"column":50}},"171":{"start":{"line":253,"column":8},"end":{"line":253,"column":35}},"172":{"start":{"line":254,"column":8},"end":{"line":259,"column":9}},"173":{"start":{"line":255,"column":12},"end":{"line":255,"column":43}},"174":{"start":{"line":258,"column":12},"end":{"line":258,"column":43}},"175":{"start":{"line":260,"column":8},"end":{"line":260,"column":40}},"176":{"start":{"line":262,"column":4},"end":{"line":270,"column":6}},"177":{"start":{"line":263,"column":8},"end":{"line":263,"column":20}},"178":{"start":{"line":264,"column":8},"end":{"line":264,"column":61}},"179":{"start":{"line":265,"column":8},"end":{"line":267,"column":9}},"180":{"start":{"line":266,"column":12},"end":{"line":266,"column":24}},"181":{"start":{"line":268,"column":8},"end":{"line":268,"column":50}},"182":{"start":{"line":269,"column":8},"end":{"line":269,"column":23}},"183":{"start":{"line":271,"column":4},"end":{"line":278,"column":6}},"184":{"start":{"line":272,"column":8},"end":{"line":277,"column":9}},"185":{"start":{"line":273,"column":12},"end":{"line":273,"column":65}},"186":{"start":{"line":276,"column":12},"end":{"line":276,"column":60}},"187":{"start":{"line":279,"column":4},"end":{"line":285,"column":7}},"188":{"start":{"line":281,"column":12},"end":{"line":281,"column":53}},"189":{"start":{"line":286,"column":4},"end":{"line":300,"column":6}},"190":{"start":{"line":287,"column":8},"end":{"line":287,"column":25}},"191":{"start":{"line":288,"column":8},"end":{"line":299,"column":22}},"192":{"start":{"line":289,"column":12},"end":{"line":289,"column":60}},"193":{"start":{"line":290,"column":12},"end":{"line":290,"column":50}},"194":{"start":{"line":291,"column":12},"end":{"line":293,"column":13}},"195":{"start":{"line":292,"column":16},"end":{"line":292,"column":90}},"196":{"start":{"line":292,"column":68},"end":{"line":292,"column":86}},"197":{"start":{"line":294,"column":12},"end":{"line":294,"column":61}},"198":{"start":{"line":295,"column":12},"end":{"line":297,"column":13}},"199":{"start":{"line":296,"column":16},"end":{"line":296,"column":35}},"200":{"start":{"line":298,"column":12},"end":{"line":298,"column":24}},"201":{"start":{"line":301,"column":4},"end":{"line":323,"column":6}},"202":{"start":{"line":302,"column":8},"end":{"line":302,"column":25}},"203":{"start":{"line":303,"column":8},"end":{"line":303,"column":33}},"204":{"start":{"line":304,"column":8},"end":{"line":311,"column":11}},"205":{"start":{"line":305,"column":12},"end":{"line":310,"column":13}},"206":{"start":{"line":306,"column":16},"end":{"line":306,"column":48}},"207":{"start":{"line":309,"column":16},"end":{"line":309,"column":48}},"208":{"start":{"line":312,"column":8},"end":{"line":312,"column":37}},"209":{"start":{"line":313,"column":8},"end":{"line":322,"column":9}},"210":{"start":{"line":314,"column":12},"end":{"line":314,"column":44}},"211":{"start":{"line":315,"column":12},"end":{"line":315,"column":49}},"212":{"start":{"line":316,"column":12},"end":{"line":316,"column":38}},"213":{"start":{"line":317,"column":12},"end":{"line":317,"column":42}},"214":{"start":{"line":318,"column":12},"end":{"line":318,"column":23}},"215":{"start":{"line":321,"column":12},"end":{"line":321,"column":50}},"216":{"start":{"line":324,"column":4},"end":{"line":352,"column":6}},"217":{"start":{"line":325,"column":8},"end":{"line":327,"column":9}},"218":{"start":{"line":326,"column":12},"end":{"line":326,"column":34}},"219":{"start":{"line":328,"column":8},"end":{"line":330,"column":9}},"220":{"start":{"line":329,"column":12},"end":{"line":329,"column":87}},"221":{"start":{"line":331,"column":8},"end":{"line":331,"column":45}},"222":{"start":{"line":332,"column":8},"end":{"line":332,"column":38}},"223":{"start":{"line":333,"column":8},"end":{"line":333,"column":21}},"224":{"start":{"line":334,"column":8},"end":{"line":334,"column":23}},"225":{"start":{"line":335,"column":8},"end":{"line":350,"column":9}},"226":{"start":{"line":336,"column":12},"end":{"line":336,"column":54}},"227":{"start":{"line":337,"column":12},"end":{"line":339,"column":13}},"228":{"start":{"line":338,"column":16},"end":{"line":338,"column":61}},"229":{"start":{"line":340,"column":12},"end":{"line":345,"column":13}},"230":{"start":{"line":341,"column":16},"end":{"line":343,"column":17}},"231":{"start":{"line":342,"column":20},"end":{"line":342,"column":74}},"232":{"start":{"line":344,"column":16},"end":{"line":344,"column":98}},"233":{"start":{"line":348,"column":12},"end":{"line":348,"column":24}},"234":{"start":{"line":349,"column":12},"end":{"line":349,"column":49}},"235":{"start":{"line":351,"column":8},"end":{"line":351,"column":35}},"236":{"start":{"line":353,"column":4},"end":{"line":362,"column":6}},"237":{"start":{"line":354,"column":8},"end":{"line":354,"column":40}},"238":{"start":{"line":355,"column":8},"end":{"line":357,"column":9}},"239":{"start":{"line":356,"column":12},"end":{"line":356,"column":57}},"240":{"start":{"line":358,"column":8},"end":{"line":360,"column":9}},"241":{"start":{"line":359,"column":12},"end":{"line":359,"column":36}},"242":{"start":{"line":361,"column":8},"end":{"line":361,"column":22}},"243":{"start":{"line":363,"column":4},"end":{"line":372,"column":6}},"244":{"start":{"line":364,"column":8},"end":{"line":364,"column":25}},"245":{"start":{"line":365,"column":8},"end":{"line":365,"column":48}},"246":{"start":{"line":366,"column":8},"end":{"line":366,"column":143}},"247":{"start":{"line":366,"column":75},"end":{"line":366,"column":139}},"248":{"start":{"line":367,"column":8},"end":{"line":367,"column":136}},"249":{"start":{"line":367,"column":69},"end":{"line":367,"column":132}},"250":{"start":{"line":368,"column":8},"end":{"line":370,"column":9}},"251":{"start":{"line":369,"column":12},"end":{"line":369,"column":104}},"252":{"start":{"line":369,"column":63},"end":{"line":369,"column":100}},"253":{"start":{"line":371,"column":8},"end":{"line":371,"column":24}},"254":{"start":{"line":373,"column":4},"end":{"line":375,"column":6}},"255":{"start":{"line":374,"column":8},"end":{"line":374,"column":54}},"256":{"start":{"line":376,"column":4},"end":{"line":378,"column":6}},"257":{"start":{"line":377,"column":8},"end":{"line":377,"column":52}},"258":{"start":{"line":379,"column":4},"end":{"line":387,"column":6}},"259":{"start":{"line":380,"column":8},"end":{"line":380,"column":25}},"260":{"start":{"line":381,"column":8},"end":{"line":386,"column":11}},"261":{"start":{"line":382,"column":12},"end":{"line":382,"column":62}},"262":{"start":{"line":383,"column":12},"end":{"line":385,"column":13}},"263":{"start":{"line":384,"column":16},"end":{"line":384,"column":35}},"264":{"start":{"line":388,"column":4},"end":{"line":388,"column":15}},"265":{"start":{"line":390,"column":0},"end":{"line":390,"column":18}},"266":{"start":{"line":391,"column":0},"end":{"line":391,"column":29}}},"branchMap":{"1":{"line":19,"type":"if","locations":[{"start":{"line":19,"column":4},"end":{"line":19,"column":4}},{"start":{"line":19,"column":4},"end":{"line":19,"column":4}}]},"2":{"line":51,"type":"if","locations":[{"start":{"line":51,"column":12},"end":{"line":51,"column":12}},{"start":{"line":51,"column":12},"end":{"line":51,"column":12}}]},"3":{"line":52,"type":"if","locations":[{"start":{"line":52,"column":16},"end":{"line":52,"column":16}},{"start":{"line":52,"column":16},"end":{"line":52,"column":16}}]},"4":{"line":52,"type":"binary-expr","locations":[{"start":{"line":52,"column":20},"end":{"line":52,"column":50}},{"start":{"line":52,"column":54},"end":{"line":52,"column":105}}]},"5":{"line":56,"type":"if","locations":[{"start":{"line":56,"column":16},"end":{"line":56,"column":16}},{"start":{"line":56,"column":16},"end":{"line":56,"column":16}}]},"6":{"line":61,"type":"if","locations":[{"start":{"line":61,"column":12},"end":{"line":61,"column":12}},{"start":{"line":61,"column":12},"end":{"line":61,"column":12}}]},"7":{"line":61,"type":"binary-expr","locations":[{"start":{"line":61,"column":16},"end":{"line":61,"column":35}},{"start":{"line":61,"column":39},"end":{"line":61,"column":91}}]},"8":{"line":63,"type":"if","locations":[{"start":{"line":63,"column":16},"end":{"line":63,"column":16}},{"start":{"line":63,"column":16},"end":{"line":63,"column":16}}]},"9":{"line":63,"type":"binary-expr","locations":[{"start":{"line":63,"column":20},"end":{"line":63,"column":31}},{"start":{"line":63,"column":35},"end":{"line":63,"column":61}}]},"10":{"line":109,"type":"if","locations":[{"start":{"line":109,"column":8},"end":{"line":109,"column":8}},{"start":{"line":109,"column":8},"end":{"line":109,"column":8}}]},"11":{"line":111,"type":"if","locations":[{"start":{"line":111,"column":12},"end":{"line":111,"column":12}},{"start":{"line":111,"column":12},"end":{"line":111,"column":12}}]},"12":{"line":113,"type":"if","locations":[{"start":{"line":113,"column":16},"end":{"line":113,"column":16}},{"start":{"line":113,"column":16},"end":{"line":113,"column":16}}]},"13":{"line":126,"type":"cond-expr","locations":[{"start":{"line":126,"column":92},"end":{"line":126,"column":104}},{"start":{"line":126,"column":107},"end":{"line":126,"column":111}}]},"14":{"line":129,"type":"if","locations":[{"start":{"line":129,"column":8},"end":{"line":129,"column":8}},{"start":{"line":129,"column":8},"end":{"line":129,"column":8}}]},"15":{"line":141,"type":"if","locations":[{"start":{"line":141,"column":12},"end":{"line":141,"column":12}},{"start":{"line":141,"column":12},"end":{"line":141,"column":12}}]},"16":{"line":160,"type":"cond-expr","locations":[{"start":{"line":160,"column":60},"end":{"line":160,"column":120}},{"start":{"line":160,"column":123},"end":{"line":160,"column":126}}]},"17":{"line":162,"type":"if","locations":[{"start":{"line":162,"column":12},"end":{"line":162,"column":12}},{"start":{"line":162,"column":12},"end":{"line":162,"column":12}}]},"18":{"line":162,"type":"binary-expr","locations":[{"start":{"line":162,"column":84},"end":{"line":162,"column":112}},{"start":{"line":162,"column":116},"end":{"line":162,"column":150}}]},"19":{"line":168,"type":"if","locations":[{"start":{"line":168,"column":8},"end":{"line":168,"column":8}},{"start":{"line":168,"column":8},"end":{"line":168,"column":8}}]},"20":{"line":183,"type":"if","locations":[{"start":{"line":183,"column":24},"end":{"line":183,"column":24}},{"start":{"line":183,"column":24},"end":{"line":183,"column":24}}]},"21":{"line":185,"type":"if","locations":[{"start":{"line":185,"column":28},"end":{"line":185,"column":28}},{"start":{"line":185,"column":28},"end":{"line":185,"column":28}}]},"22":{"line":190,"type":"cond-expr","locations":[{"start":{"line":190,"column":63},"end":{"line":190,"column":117}},{"start":{"line":190,"column":120},"end":{"line":190,"column":126}}]},"23":{"line":191,"type":"if","locations":[{"start":{"line":191,"column":32},"end":{"line":191,"column":32}},{"start":{"line":191,"column":32},"end":{"line":191,"column":32}}]},"24":{"line":200,"type":"if","locations":[{"start":{"line":200,"column":28},"end":{"line":200,"column":28}},{"start":{"line":200,"column":28},"end":{"line":200,"column":28}}]},"25":{"line":209,"type":"cond-expr","locations":[{"start":{"line":209,"column":96},"end":{"line":209,"column":102}},{"start":{"line":209,"column":105},"end":{"line":209,"column":121}}]},"26":{"line":220,"type":"if","locations":[{"start":{"line":220,"column":8},"end":{"line":220,"column":8}},{"start":{"line":220,"column":8},"end":{"line":220,"column":8}}]},"27":{"line":222,"type":"if","locations":[{"start":{"line":222,"column":12},"end":{"line":222,"column":12}},{"start":{"line":222,"column":12},"end":{"line":222,"column":12}}]},"28":{"line":222,"type":"binary-expr","locations":[{"start":{"line":222,"column":16},"end":{"line":222,"column":34}},{"start":{"line":222,"column":39},"end":{"line":222,"column":56}},{"start":{"line":222,"column":60},"end":{"line":222,"column":89}}]},"29":{"line":226,"type":"if","locations":[{"start":{"line":226,"column":12},"end":{"line":226,"column":12}},{"start":{"line":226,"column":12},"end":{"line":226,"column":12}}]},"30":{"line":228,"type":"if","locations":[{"start":{"line":228,"column":16},"end":{"line":228,"column":16}},{"start":{"line":228,"column":16},"end":{"line":228,"column":16}}]},"31":{"line":230,"type":"if","locations":[{"start":{"line":230,"column":20},"end":{"line":230,"column":20}},{"start":{"line":230,"column":20},"end":{"line":230,"column":20}}]},"32":{"line":231,"type":"if","locations":[{"start":{"line":231,"column":24},"end":{"line":231,"column":24}},{"start":{"line":231,"column":24},"end":{"line":231,"column":24}}]},"33":{"line":234,"type":"if","locations":[{"start":{"line":234,"column":24},"end":{"line":234,"column":24}},{"start":{"line":234,"column":24},"end":{"line":234,"column":24}}]},"34":{"line":247,"type":"binary-expr","locations":[{"start":{"line":247,"column":15},"end":{"line":247,"column":43}},{"start":{"line":247,"column":47},"end":{"line":247,"column":75}}]},"35":{"line":250,"type":"if","locations":[{"start":{"line":250,"column":8},"end":{"line":250,"column":8}},{"start":{"line":250,"column":8},"end":{"line":250,"column":8}}]},"36":{"line":252,"type":"binary-expr","locations":[{"start":{"line":252,"column":25},"end":{"line":252,"column":43}},{"start":{"line":252,"column":47},"end":{"line":252,"column":49}}]},"37":{"line":254,"type":"if","locations":[{"start":{"line":254,"column":8},"end":{"line":254,"column":8}},{"start":{"line":254,"column":8},"end":{"line":254,"column":8}}]},"38":{"line":265,"type":"if","locations":[{"start":{"line":265,"column":8},"end":{"line":265,"column":8}},{"start":{"line":265,"column":8},"end":{"line":265,"column":8}}]},"39":{"line":272,"type":"if","locations":[{"start":{"line":272,"column":8},"end":{"line":272,"column":8}},{"start":{"line":272,"column":8},"end":{"line":272,"column":8}}]},"40":{"line":291,"type":"if","locations":[{"start":{"line":291,"column":12},"end":{"line":291,"column":12}},{"start":{"line":291,"column":12},"end":{"line":291,"column":12}}]},"41":{"line":291,"type":"binary-expr","locations":[{"start":{"line":291,"column":16},"end":{"line":291,"column":21}},{"start":{"line":291,"column":25},"end":{"line":291,"column":34}}]},"42":{"line":295,"type":"if","locations":[{"start":{"line":295,"column":12},"end":{"line":295,"column":12}},{"start":{"line":295,"column":12},"end":{"line":295,"column":12}}]},"43":{"line":305,"type":"if","locations":[{"start":{"line":305,"column":12},"end":{"line":305,"column":12}},{"start":{"line":305,"column":12},"end":{"line":305,"column":12}}]},"44":{"line":305,"type":"binary-expr","locations":[{"start":{"line":305,"column":16},"end":{"line":305,"column":29}},{"start":{"line":305,"column":33},"end":{"line":305,"column":72}}]},"45":{"line":313,"type":"if","locations":[{"start":{"line":313,"column":8},"end":{"line":313,"column":8}},{"start":{"line":313,"column":8},"end":{"line":313,"column":8}}]},"46":{"line":313,"type":"binary-expr","locations":[{"start":{"line":313,"column":12},"end":{"line":313,"column":16}},{"start":{"line":313,"column":20},"end":{"line":313,"column":53}}]},"47":{"line":325,"type":"if","locations":[{"start":{"line":325,"column":8},"end":{"line":325,"column":8}},{"start":{"line":325,"column":8},"end":{"line":325,"column":8}}]},"48":{"line":328,"type":"if","locations":[{"start":{"line":328,"column":8},"end":{"line":328,"column":8}},{"start":{"line":328,"column":8},"end":{"line":328,"column":8}}]},"49":{"line":337,"type":"if","locations":[{"start":{"line":337,"column":12},"end":{"line":337,"column":12}},{"start":{"line":337,"column":12},"end":{"line":337,"column":12}}]},"50":{"line":340,"type":"if","locations":[{"start":{"line":340,"column":12},"end":{"line":340,"column":12}},{"start":{"line":340,"column":12},"end":{"line":340,"column":12}}]},"51":{"line":340,"type":"binary-expr","locations":[{"start":{"line":340,"column":16},"end":{"line":340,"column":36}},{"start":{"line":340,"column":40},"end":{"line":340,"column":58}}]},"52":{"line":341,"type":"if","locations":[{"start":{"line":341,"column":16},"end":{"line":341,"column":16}},{"start":{"line":341,"column":16},"end":{"line":341,"column":16}}]},"53":{"line":355,"type":"if","locations":[{"start":{"line":355,"column":8},"end":{"line":355,"column":8}},{"start":{"line":355,"column":8},"end":{"line":355,"column":8}}]},"54":{"line":358,"type":"if","locations":[{"start":{"line":358,"column":8},"end":{"line":358,"column":8}},{"start":{"line":358,"column":8},"end":{"line":358,"column":8}}]},"55":{"line":368,"type":"if","locations":[{"start":{"line":368,"column":8},"end":{"line":368,"column":8}},{"start":{"line":368,"column":8},"end":{"line":368,"column":8}}]},"56":{"line":383,"type":"if","locations":[{"start":{"line":383,"column":12},"end":{"line":383,"column":12}},{"start":{"line":383,"column":12},"end":{"line":383,"column":12}}]},"57":{"line":383,"type":"binary-expr","locations":[{"start":{"line":383,"column":16},"end":{"line":383,"column":24}},{"start":{"line":383,"column":28},"end":{"line":383,"column":44}},{"start":{"line":383,"column":48},"end":{"line":383,"column":66}}]}}},"/Users/nsbuilduser/workspace/CLI-release/lib/common/helpers.js":{"path":"/Users/nsbuilduser/workspace/CLI-release/lib/common/helpers.js","s":{"1":1,"2":1,"3":1,"4":1,"5":1,"6":1,"7":10,"8":0,"9":10,"10":1,"11":0,"12":0,"13":0,"14":1,"15":11,"16":1,"17":10,"18":1,"19":1,"20":0,"21":0,"22":0,"23":0,"24":0,"25":0,"26":0,"27":1,"28":1,"29":28,"30":1,"31":1,"32":0,"33":1,"34":1,"35":0,"36":1,"37":1,"38":6,"39":6,"40":6,"41":0,"42":6,"43":1,"44":1,"45":74,"46":74,"47":1,"48":1,"49":0,"50":0,"51":0,"52":0,"53":0,"54":0,"55":0,"56":0,"57":0,"58":0,"59":0,"60":1,"61":1,"62":0,"63":1,"64":1,"65":0,"66":1,"67":1,"68":0,"69":0,"70":0,"71":0,"72":0,"73":1,"74":1,"75":0,"76":1,"77":1,"78":0,"79":1,"80":1,"81":31,"82":0,"83":31,"84":1,"85":1,"86":0,"87":0,"88":1,"89":1,"90":0,"91":0,"92":0,"93":0,"94":1,"95":1,"96":0,"97":0,"98":0,"99":0,"100":1,"101":1,"102":0,"103":0,"104":0,"105":0,"106":0,"107":1,"108":1,"109":0,"110":0,"111":0,"112":0,"113":0,"114":1,"115":1,"116":0,"117":0,"118":0,"119":1,"120":1,"121":0,"122":0,"123":0,"124":0,"125":1,"126":1,"127":1,"128":1,"129":1,"130":6,"131":6,"132":6,"133":6,"134":6,"135":6,"136":6,"137":6,"138":0,"139":1,"140":1,"141":1,"142":12,"143":12,"144":0,"145":0,"146":0,"147":0,"148":12,"149":1,"150":12,"151":12,"152":12,"153":12,"154":12,"155":12,"156":1,"157":6,"158":6,"159":6,"160":6,"161":1,"162":1,"163":20,"164":1,"165":1,"166":0,"167":0,"168":0,"169":0,"170":0,"171":0,"172":0,"173":0,"174":0,"175":0,"176":0,"177":0,"178":0,"179":0,"180":1,"181":1,"182":1,"183":0,"184":0,"185":0,"186":0,"187":0,"188":0,"189":0,"190":1,"191":1,"192":1,"193":1,"194":1,"195":1,"196":1067,"197":1067,"198":1067,"199":59,"200":59,"201":59,"202":59,"203":59,"204":38,"205":162,"206":162,"207":59,"208":1067,"209":1},"b":{"1":[0,10],"2":[10,0],"3":[0,0],"4":[0,0],"5":[1,10],"6":[0,10],"7":[0,0],"8":[0,0],"9":[0,0],"10":[6,0],"11":[0,6],"12":[0,0],"13":[0,0],"14":[0,0],"15":[0,0],"16":[0,0],"17":[0,0],"18":[0,0],"19":[0,31],"20":[0,0],"21":[0,0],"22":[6,0],"23":[6,0],"24":[0,12],"25":[0,0],"26":[20,19],"27":[0,0],"28":[0,0],"29":[0,0],"30":[1067,0],"31":[59,1008],"32":[1067,1008],"33":[38,21]},"f":{"1":10,"2":0,"3":11,"4":0,"5":28,"6":0,"7":0,"8":6,"9":74,"10":0,"11":0,"12":0,"13":0,"14":0,"15":0,"16":0,"17":0,"18":31,"19":0,"20":0,"21":0,"22":0,"23":0,"24":0,"25":0,"26":0,"27":0,"28":0,"29":1,"30":1,"31":6,"32":1,"33":12,"34":12,"35":6,"36":6,"37":20,"38":0,"39":0,"40":0,"41":0,"42":0,"43":0,"44":1067,"45":162,"46":162},"fnMap":{"1":{"name":"bashQuote","line":8,"loc":{"start":{"line":8,"column":0},"end":{"line":8,"column":22}}},"2":{"name":"cmdQuote","line":14,"loc":{"start":{"line":14,"column":0},"end":{"line":14,"column":21}}},"3":{"name":"quoteString","line":20,"loc":{"start":{"line":20,"column":0},"end":{"line":20,"column":24}}},"4":{"name":"createGUID","line":27,"loc":{"start":{"line":27,"column":0},"end":{"line":27,"column":31}}},"5":{"name":"stringReplaceAll","line":39,"loc":{"start":{"line":39,"column":0},"end":{"line":39,"column":49}}},"6":{"name":"isRequestSuccessful","line":43,"loc":{"start":{"line":43,"column":0},"end":{"line":43,"column":38}}},"7":{"name":"isResponseRedirect","line":47,"loc":{"start":{"line":47,"column":0},"end":{"line":47,"column":38}}},"8":{"name":"formatListOfNames","line":51,"loc":{"start":{"line":51,"column":0},"end":{"line":51,"column":47}}},"9":{"name":"getRelativeToRootPath","line":61,"loc":{"start":{"line":61,"column":0},"end":{"line":61,"column":51}}},"10":{"name":"versionCompare","line":66,"loc":{"start":{"line":66,"column":0},"end":{"line":66,"column":44}}},"11":{"name":"(anonymous_11)","line":69,"loc":{"start":{"line":69,"column":45},"end":{"line":69,"column":58}}},"12":{"name":"(anonymous_12)","line":69,"loc":{"start":{"line":69,"column":125},"end":{"line":69,"column":138}}},"13":{"name":"isInteractive","line":81,"loc":{"start":{"line":81,"column":0},"end":{"line":81,"column":25}}},"14":{"name":"toBoolean","line":85,"loc":{"start":{"line":85,"column":0},"end":{"line":85,"column":24}}},"15":{"name":"block","line":89,"loc":{"start":{"line":89,"column":0},"end":{"line":89,"column":26}}},"16":{"name":"isNumber","line":99,"loc":{"start":{"line":99,"column":0},"end":{"line":99,"column":21}}},"17":{"name":"fromWindowsRelativePathToUnix","line":103,"loc":{"start":{"line":103,"column":0},"end":{"line":103,"column":60}}},"18":{"name":"isNullOrWhitespace","line":107,"loc":{"start":{"line":107,"column":0},"end":{"line":107,"column":35}}},"19":{"name":"getCurrentEpochTime","line":114,"loc":{"start":{"line":114,"column":0},"end":{"line":114,"column":31}}},"20":{"name":"sleep","line":119,"loc":{"start":{"line":119,"column":0},"end":{"line":119,"column":19}}},"21":{"name":"(anonymous_21)","line":121,"loc":{"start":{"line":121,"column":15},"end":{"line":121,"column":27}}},"22":{"name":"createTable","line":125,"loc":{"start":{"line":125,"column":0},"end":{"line":125,"column":36}}},"23":{"name":"(anonymous_23)","line":130,"loc":{"start":{"line":130,"column":20},"end":{"line":130,"column":35}}},"24":{"name":"remove","line":134,"loc":{"start":{"line":134,"column":0},"end":{"line":134,"column":52}}},"25":{"name":"trimSymbol","line":143,"loc":{"start":{"line":143,"column":0},"end":{"line":143,"column":33}}},"26":{"name":"getFuturesResults","line":153,"loc":{"start":{"line":153,"column":0},"end":{"line":153,"column":47}}},"27":{"name":"(anonymous_27)","line":156,"loc":{"start":{"line":156,"column":13},"end":{"line":156,"column":26}}},"28":{"name":"appendZeroesToVersion","line":162,"loc":{"start":{"line":162,"column":0},"end":{"line":162,"column":63}}},"29":{"name":"decorateMethod","line":170,"loc":{"start":{"line":170,"column":0},"end":{"line":170,"column":39}}},"30":{"name":"(anonymous_30)","line":171,"loc":{"start":{"line":171,"column":11},"end":{"line":171,"column":54}}},"31":{"name":"(anonymous_31)","line":173,"loc":{"start":{"line":173,"column":27},"end":{"line":173,"column":39}}},"32":{"name":"hook","line":190,"loc":{"start":{"line":190,"column":0},"end":{"line":190,"column":27}}},"33":{"name":"getHooksService","line":191,"loc":{"start":{"line":191,"column":4},"end":{"line":191,"column":35}}},"34":{"name":"prepareArguments","line":202,"loc":{"start":{"line":202,"column":4},"end":{"line":202,"column":44}}},"35":{"name":"(anonymous_35)","line":213,"loc":{"start":{"line":213,"column":26},"end":{"line":213,"column":56}}},"36":{"name":"(anonymous_36)","line":215,"loc":{"start":{"line":215,"column":7},"end":{"line":215,"column":52}}},"37":{"name":"isFuture","line":222,"loc":{"start":{"line":222,"column":0},"end":{"line":222,"column":35}}},"38":{"name":"whenAny","line":226,"loc":{"start":{"line":226,"column":0},"end":{"line":226,"column":19}}},"39":{"name":"(anonymous_39)","line":233,"loc":{"start":{"line":233,"column":20},"end":{"line":233,"column":38}}},"40":{"name":"(anonymous_40)","line":234,"loc":{"start":{"line":234,"column":23},"end":{"line":234,"column":48}}},"41":{"name":"connectEventually","line":249,"loc":{"start":{"line":249,"column":0},"end":{"line":249,"column":45}}},"42":{"name":"tryConnect","line":250,"loc":{"start":{"line":250,"column":4},"end":{"line":250,"column":26}}},"43":{"name":"(anonymous_43)","line":253,"loc":{"start":{"line":253,"column":29},"end":{"line":253,"column":41}}},"44":{"name":"annotate","line":266,"loc":{"start":{"line":266,"column":0},"end":{"line":266,"column":22}}},"45":{"name":"(anonymous_45)","line":275,"loc":{"start":{"line":275,"column":55},"end":{"line":275,"column":70}}},"46":{"name":"(anonymous_46)","line":276,"loc":{"start":{"line":276,"column":40},"end":{"line":276,"column":73}}}},"statementMap":{"1":{"start":{"line":3,"column":0},"end":{"line":3,"column":32}},"2":{"start":{"line":4,"column":0},"end":{"line":4,"column":30}},"3":{"start":{"line":5,"column":0},"end":{"line":5,"column":33}},"4":{"start":{"line":6,"column":0},"end":{"line":6,"column":38}},"5":{"start":{"line":7,"column":0},"end":{"line":7,"column":25}},"6":{"start":{"line":8,"column":0},"end":{"line":13,"column":1}},"7":{"start":{"line":9,"column":4},"end":{"line":11,"column":5}},"8":{"start":{"line":10,"column":8},"end":{"line":10,"column":17}},"9":{"start":{"line":12,"column":4},"end":{"line":12,"column":51}},"10":{"start":{"line":14,"column":0},"end":{"line":19,"column":1}},"11":{"start":{"line":15,"column":4},"end":{"line":17,"column":5}},"12":{"start":{"line":16,"column":8},"end":{"line":16,"column":17}},"13":{"start":{"line":18,"column":4},"end":{"line":18,"column":46}},"14":{"start":{"line":20,"column":0},"end":{"line":25,"column":1}},"15":{"start":{"line":21,"column":4},"end":{"line":23,"column":5}},"16":{"start":{"line":22,"column":8},"end":{"line":22,"column":17}},"17":{"start":{"line":24,"column":4},"end":{"line":24,"column":70}},"18":{"start":{"line":26,"column":0},"end":{"line":26,"column":34}},"19":{"start":{"line":27,"column":0},"end":{"line":37,"column":1}},"20":{"start":{"line":28,"column":4},"end":{"line":28,"column":51}},"21":{"start":{"line":28,"column":32},"end":{"line":28,"column":49}},"22":{"start":{"line":29,"column":4},"end":{"line":29,"column":15}},"23":{"start":{"line":30,"column":4},"end":{"line":35,"column":5}},"24":{"start":{"line":31,"column":8},"end":{"line":31,"column":39}},"25":{"start":{"line":34,"column":8},"end":{"line":34,"column":27}},"26":{"start":{"line":36,"column":4},"end":{"line":36,"column":18}},"27":{"start":{"line":38,"column":0},"end":{"line":38,"column":32}},"28":{"start":{"line":39,"column":0},"end":{"line":41,"column":1}},"29":{"start":{"line":40,"column":4},"end":{"line":40,"column":44}},"30":{"start":{"line":42,"column":0},"end":{"line":42,"column":44}},"31":{"start":{"line":43,"column":0},"end":{"line":45,"column":1}},"32":{"start":{"line":44,"column":4},"end":{"line":44,"column":65}},"33":{"start":{"line":46,"column":0},"end":{"line":46,"column":50}},"34":{"start":{"line":47,"column":0},"end":{"line":49,"column":1}},"35":{"start":{"line":48,"column":4},"end":{"line":48,"column":70}},"36":{"start":{"line":50,"column":0},"end":{"line":50,"column":48}},"37":{"start":{"line":51,"column":0},"end":{"line":59,"column":1}},"38":{"start":{"line":52,"column":4},"end":{"line":52,"column":55}},"39":{"start":{"line":52,"column":34},"end":{"line":52,"column":53}},"40":{"start":{"line":53,"column":4},"end":{"line":58,"column":5}},"41":{"start":{"line":54,"column":8},"end":{"line":54,"column":24}},"42":{"start":{"line":57,"column":8},"end":{"line":57,"column":95}},"43":{"start":{"line":60,"column":0},"end":{"line":60,"column":46}},"44":{"start":{"line":61,"column":0},"end":{"line":64,"column":1}},"45":{"start":{"line":62,"column":4},"end":{"line":62,"column":62}},"46":{"start":{"line":63,"column":4},"end":{"line":63,"column":30}},"47":{"start":{"line":65,"column":0},"end":{"line":65,"column":54}},"48":{"start":{"line":66,"column":0},"end":{"line":79,"column":1}},"49":{"start":{"line":67,"column":4},"end":{"line":67,"column":38}},"50":{"start":{"line":68,"column":4},"end":{"line":68,"column":38}},"51":{"start":{"line":69,"column":4},"end":{"line":69,"column":167}},"52":{"start":{"line":69,"column":60},"end":{"line":69,"column":83}},"53":{"start":{"line":69,"column":140},"end":{"line":69,"column":163}},"54":{"start":{"line":70,"column":4},"end":{"line":72,"column":5}},"55":{"start":{"line":71,"column":8},"end":{"line":71,"column":70}},"56":{"start":{"line":73,"column":4},"end":{"line":77,"column":5}},"57":{"start":{"line":74,"column":8},"end":{"line":76,"column":9}},"58":{"start":{"line":75,"column":12},"end":{"line":75,"column":52}},"59":{"start":{"line":78,"column":4},"end":{"line":78,"column":13}},"60":{"start":{"line":80,"column":0},"end":{"line":80,"column":40}},"61":{"start":{"line":81,"column":0},"end":{"line":83,"column":1}},"62":{"start":{"line":82,"column":4},"end":{"line":82,"column":55}},"63":{"start":{"line":84,"column":0},"end":{"line":84,"column":38}},"64":{"start":{"line":85,"column":0},"end":{"line":87,"column":1}},"65":{"start":{"line":86,"column":4},"end":{"line":86,"column":26}},"66":{"start":{"line":88,"column":0},"end":{"line":88,"column":30}},"67":{"start":{"line":89,"column":0},"end":{"line":97,"column":1}},"68":{"start":{"line":90,"column":4},"end":{"line":92,"column":5}},"69":{"start":{"line":91,"column":8},"end":{"line":91,"column":40}},"70":{"start":{"line":93,"column":4},"end":{"line":93,"column":16}},"71":{"start":{"line":94,"column":4},"end":{"line":96,"column":5}},"72":{"start":{"line":95,"column":8},"end":{"line":95,"column":39}},"73":{"start":{"line":98,"column":0},"end":{"line":98,"column":22}},"74":{"start":{"line":99,"column":0},"end":{"line":101,"column":1}},"75":{"start":{"line":100,"column":4},"end":{"line":100,"column":48}},"76":{"start":{"line":102,"column":0},"end":{"line":102,"column":28}},"77":{"start":{"line":103,"column":0},"end":{"line":105,"column":1}},"78":{"start":{"line":104,"column":4},"end":{"line":104,"column":51}},"79":{"start":{"line":106,"column":0},"end":{"line":106,"column":70}},"80":{"start":{"line":107,"column":0},"end":{"line":112,"column":1}},"81":{"start":{"line":108,"column":4},"end":{"line":110,"column":5}},"82":{"start":{"line":109,"column":8},"end":{"line":109,"column":20}},"83":{"start":{"line":111,"column":4},"end":{"line":111,"column":48}},"84":{"start":{"line":113,"column":0},"end":{"line":113,"column":48}},"85":{"start":{"line":114,"column":0},"end":{"line":117,"column":1}},"86":{"start":{"line":115,"column":4},"end":{"line":115,"column":30}},"87":{"start":{"line":116,"column":4},"end":{"line":116,"column":30}},"88":{"start":{"line":118,"column":0},"end":{"line":118,"column":50}},"89":{"start":{"line":119,"column":0},"end":{"line":123,"column":1}},"90":{"start":{"line":120,"column":4},"end":{"line":120,"column":30}},"91":{"start":{"line":121,"column":4},"end":{"line":121,"column":56}},"92":{"start":{"line":121,"column":29},"end":{"line":121,"column":48}},"93":{"start":{"line":122,"column":4},"end":{"line":122,"column":18}},"94":{"start":{"line":124,"column":0},"end":{"line":124,"column":22}},"95":{"start":{"line":125,"column":0},"end":{"line":132,"column":1}},"96":{"start":{"line":126,"column":4},"end":{"line":129,"column":7}},"97":{"start":{"line":130,"column":4},"end":{"line":130,"column":64}},"98":{"start":{"line":130,"column":37},"end":{"line":130,"column":60}},"99":{"start":{"line":131,"column":4},"end":{"line":131,"column":17}},"100":{"start":{"line":133,"column":0},"end":{"line":133,"column":34}},"101":{"start":{"line":134,"column":0},"end":{"line":141,"column":1}},"102":{"start":{"line":135,"column":4},"end":{"line":135,"column":45}},"103":{"start":{"line":136,"column":4},"end":{"line":136,"column":46}},"104":{"start":{"line":137,"column":4},"end":{"line":139,"column":5}},"105":{"start":{"line":138,"column":8},"end":{"line":138,"column":27}},"106":{"start":{"line":140,"column":4},"end":{"line":140,"column":49}},"107":{"start":{"line":142,"column":0},"end":{"line":142,"column":24}},"108":{"start":{"line":143,"column":0},"end":{"line":151,"column":1}},"109":{"start":{"line":144,"column":4},"end":{"line":146,"column":5}},"110":{"start":{"line":145,"column":8},"end":{"line":145,"column":28}},"111":{"start":{"line":147,"column":4},"end":{"line":149,"column":5}},"112":{"start":{"line":148,"column":8},"end":{"line":148,"column":44}},"113":{"start":{"line":150,"column":4},"end":{"line":150,"column":15}},"114":{"start":{"line":152,"column":0},"end":{"line":152,"column":32}},"115":{"start":{"line":153,"column":0},"end":{"line":160,"column":1}},"116":{"start":{"line":154,"column":4},"end":{"line":154,"column":25}},"117":{"start":{"line":155,"column":4},"end":{"line":159,"column":17}},"118":{"start":{"line":156,"column":28},"end":{"line":156,"column":43}},"119":{"start":{"line":161,"column":0},"end":{"line":161,"column":46}},"120":{"start":{"line":162,"column":0},"end":{"line":168,"column":1}},"121":{"start":{"line":163,"column":4},"end":{"line":163,"column":75}},"122":{"start":{"line":164,"column":4},"end":{"line":166,"column":5}},"123":{"start":{"line":165,"column":8},"end":{"line":165,"column":24}},"124":{"start":{"line":167,"column":4},"end":{"line":167,"column":19}},"125":{"start":{"line":169,"column":0},"end":{"line":169,"column":54}},"126":{"start":{"line":170,"column":0},"end":{"line":188,"column":1}},"127":{"start":{"line":171,"column":4},"end":{"line":187,"column":6}},"128":{"start":{"line":172,"column":8},"end":{"line":172,"column":36}},"129":{"start":{"line":173,"column":8},"end":{"line":186,"column":10}},"130":{"start":{"line":174,"column":12},"end":{"line":174,"column":26}},"131":{"start":{"line":175,"column":12},"end":{"line":177,"column":13}},"132":{"start":{"line":176,"column":16},"end":{"line":176,"column":45}},"133":{"start":{"line":178,"column":12},"end":{"line":180,"column":13}},"134":{"start":{"line":179,"column":16},"end":{"line":179,"column":41}},"135":{"start":{"line":181,"column":12},"end":{"line":181,"column":48}},"136":{"start":{"line":182,"column":12},"end":{"line":184,"column":13}},"137":{"start":{"line":183,"column":16},"end":{"line":183,"column":55}},"138":{"start":{"line":185,"column":12},"end":{"line":185,"column":26}},"139":{"start":{"line":189,"column":0},"end":{"line":189,"column":40}},"140":{"start":{"line":190,"column":0},"end":{"line":220,"column":1}},"141":{"start":{"line":191,"column":4},"end":{"line":201,"column":5}},"142":{"start":{"line":192,"column":8},"end":{"line":192,"column":46}},"143":{"start":{"line":193,"column":8},"end":{"line":199,"column":9}},"144":{"start":{"line":194,"column":12},"end":{"line":194,"column":42}},"145":{"start":{"line":195,"column":12},"end":{"line":197,"column":13}},"146":{"start":{"line":196,"column":16},"end":{"line":196,"column":105}},"147":{"start":{"line":198,"column":12},"end":{"line":198,"column":60}},"148":{"start":{"line":200,"column":8},"end":{"line":200,"column":28}},"149":{"start":{"line":202,"column":4},"end":{"line":212,"column":5}},"150":{"start":{"line":203,"column":8},"end":{"line":203,"column":25}},"151":{"start":{"line":204,"column":8},"end":{"line":204,"column":25}},"152":{"start":{"line":205,"column":8},"end":{"line":207,"column":9}},"153":{"start":{"line":206,"column":12},"end":{"line":206,"column":54}},"154":{"start":{"line":208,"column":8},"end":{"line":208,"column":34}},"155":{"start":{"line":209,"column":8},"end":{"line":211,"column":10}},"156":{"start":{"line":213,"column":4},"end":{"line":219,"column":7}},"157":{"start":{"line":214,"column":8},"end":{"line":214,"column":101}},"158":{"start":{"line":216,"column":8},"end":{"line":216,"column":42}},"159":{"start":{"line":217,"column":8},"end":{"line":217,"column":100}},"160":{"start":{"line":218,"column":8},"end":{"line":218,"column":41}},"161":{"start":{"line":221,"column":0},"end":{"line":221,"column":20}},"162":{"start":{"line":222,"column":0},"end":{"line":224,"column":1}},"163":{"start":{"line":223,"column":4},"end":{"line":223,"column":75}},"164":{"start":{"line":225,"column":0},"end":{"line":225,"column":28}},"165":{"start":{"line":226,"column":0},"end":{"line":247,"column":1}},"166":{"start":{"line":227,"column":4},"end":{"line":227,"column":21}},"167":{"start":{"line":228,"column":4},"end":{"line":230,"column":5}},"168":{"start":{"line":229,"column":8},"end":{"line":229,"column":40}},"169":{"start":{"line":231,"column":4},"end":{"line":231,"column":36}},"170":{"start":{"line":232,"column":4},"end":{"line":232,"column":37}},"171":{"start":{"line":233,"column":4},"end":{"line":245,"column":7}},"172":{"start":{"line":234,"column":8},"end":{"line":244,"column":11}},"173":{"start":{"line":235,"column":12},"end":{"line":235,"column":26}},"174":{"start":{"line":236,"column":12},"end":{"line":243,"column":13}},"175":{"start":{"line":237,"column":16},"end":{"line":242,"column":17}},"176":{"start":{"line":238,"column":20},"end":{"line":238,"column":48}},"177":{"start":{"line":240,"column":21},"end":{"line":242,"column":17}},"178":{"start":{"line":241,"column":20},"end":{"line":241,"column":84}},"179":{"start":{"line":246,"column":4},"end":{"line":246,"column":24}},"180":{"start":{"line":248,"column":0},"end":{"line":248,"column":26}},"181":{"start":{"line":249,"column":0},"end":{"line":260,"column":1}},"182":{"start":{"line":250,"column":4},"end":{"line":258,"column":5}},"183":{"start":{"line":251,"column":8},"end":{"line":251,"column":82}},"184":{"start":{"line":252,"column":8},"end":{"line":252,"column":31}},"185":{"start":{"line":253,"column":8},"end":{"line":256,"column":11}},"186":{"start":{"line":254,"column":12},"end":{"line":254,"column":67}},"187":{"start":{"line":255,"column":12},"end":{"line":255,"column":28}},"188":{"start":{"line":257,"column":8},"end":{"line":257,"column":51}},"189":{"start":{"line":259,"column":4},"end":{"line":259,"column":17}},"190":{"start":{"line":261,"column":0},"end":{"line":261,"column":46}},"191":{"start":{"line":262,"column":0},"end":{"line":262,"column":62}},"192":{"start":{"line":263,"column":0},"end":{"line":263,"column":23}},"193":{"start":{"line":264,"column":0},"end":{"line":264,"column":36}},"194":{"start":{"line":265,"column":0},"end":{"line":265,"column":56}},"195":{"start":{"line":266,"column":0},"end":{"line":283,"column":1}},"196":{"start":{"line":267,"column":4},"end":{"line":267,"column":33}},"197":{"start":{"line":268,"column":4},"end":{"line":281,"column":5}},"198":{"start":{"line":269,"column":8},"end":{"line":280,"column":9}},"199":{"start":{"line":270,"column":12},"end":{"line":270,"column":45}},"200":{"start":{"line":271,"column":12},"end":{"line":271,"column":63}},"201":{"start":{"line":272,"column":12},"end":{"line":272,"column":53}},"202":{"start":{"line":273,"column":12},"end":{"line":273,"column":38}},"203":{"start":{"line":274,"column":12},"end":{"line":278,"column":13}},"204":{"start":{"line":275,"column":16},"end":{"line":277,"column":19}},"205":{"start":{"line":276,"column":20},"end":{"line":276,"column":110}},"206":{"start":{"line":276,"column":75},"end":{"line":276,"column":106}},"207":{"start":{"line":279,"column":12},"end":{"line":279,"column":33}},"208":{"start":{"line":282,"column":4},"end":{"line":282,"column":19}},"209":{"start":{"line":284,"column":0},"end":{"line":284,"column":28}}},"branchMap":{"1":{"line":9,"type":"if","locations":[{"start":{"line":9,"column":4},"end":{"line":9,"column":4}},{"start":{"line":9,"column":4},"end":{"line":9,"column":4}}]},"2":{"line":9,"type":"binary-expr","locations":[{"start":{"line":9,"column":8},"end":{"line":9,"column":20}},{"start":{"line":9,"column":24},"end":{"line":9,"column":47}}]},"3":{"line":15,"type":"if","locations":[{"start":{"line":15,"column":4},"end":{"line":15,"column":4}},{"start":{"line":15,"column":4},"end":{"line":15,"column":4}}]},"4":{"line":15,"type":"binary-expr","locations":[{"start":{"line":15,"column":8},"end":{"line":15,"column":20}},{"start":{"line":15,"column":24},"end":{"line":15,"column":47}}]},"5":{"line":21,"type":"if","locations":[{"start":{"line":21,"column":4},"end":{"line":21,"column":4}},{"start":{"line":21,"column":4},"end":{"line":21,"column":4}}]},"6":{"line":24,"type":"cond-expr","locations":[{"start":{"line":24,"column":43},"end":{"line":24,"column":54}},{"start":{"line":24,"column":57},"end":{"line":24,"column":69}}]},"7":{"line":28,"type":"if","locations":[{"start":{"line":28,"column":4},"end":{"line":28,"column":4}},{"start":{"line":28,"column":4},"end":{"line":28,"column":4}}]},"8":{"line":30,"type":"if","locations":[{"start":{"line":30,"column":4},"end":{"line":30,"column":4}},{"start":{"line":30,"column":4},"end":{"line":30,"column":4}}]},"9":{"line":44,"type":"binary-expr","locations":[{"start":{"line":44,"column":11},"end":{"line":44,"column":36}},{"start":{"line":44,"column":40},"end":{"line":44,"column":64}}]},"10":{"line":52,"type":"if","locations":[{"start":{"line":52,"column":4},"end":{"line":52,"column":4}},{"start":{"line":52,"column":4},"end":{"line":52,"column":4}}]},"11":{"line":53,"type":"if","locations":[{"start":{"line":53,"column":4},"end":{"line":53,"column":4}},{"start":{"line":53,"column":4},"end":{"line":53,"column":4}}]},"12":{"line":70,"type":"if","locations":[{"start":{"line":70,"column":4},"end":{"line":70,"column":4}},{"start":{"line":70,"column":4},"end":{"line":70,"column":4}}]},"13":{"line":74,"type":"if","locations":[{"start":{"line":74,"column":8},"end":{"line":74,"column":8}},{"start":{"line":74,"column":8},"end":{"line":74,"column":8}}]},"14":{"line":75,"type":"cond-expr","locations":[{"start":{"line":75,"column":45},"end":{"line":75,"column":46}},{"start":{"line":75,"column":49},"end":{"line":75,"column":51}}]},"15":{"line":82,"type":"binary-expr","locations":[{"start":{"line":82,"column":11},"end":{"line":82,"column":31}},{"start":{"line":82,"column":35},"end":{"line":82,"column":54}}]},"16":{"line":90,"type":"if","locations":[{"start":{"line":90,"column":4},"end":{"line":90,"column":4}},{"start":{"line":90,"column":4},"end":{"line":90,"column":4}}]},"17":{"line":94,"type":"if","locations":[{"start":{"line":94,"column":4},"end":{"line":94,"column":4}},{"start":{"line":94,"column":4},"end":{"line":94,"column":4}}]},"18":{"line":100,"type":"binary-expr","locations":[{"start":{"line":100,"column":11},"end":{"line":100,"column":32}},{"start":{"line":100,"column":36},"end":{"line":100,"column":47}}]},"19":{"line":108,"type":"if","locations":[{"start":{"line":108,"column":4},"end":{"line":108,"column":4}},{"start":{"line":108,"column":4},"end":{"line":108,"column":4}}]},"20":{"line":135,"type":"binary-expr","locations":[{"start":{"line":135,"column":23},"end":{"line":135,"column":39}},{"start":{"line":135,"column":43},"end":{"line":135,"column":44}}]},"21":{"line":137,"type":"if","locations":[{"start":{"line":137,"column":4},"end":{"line":137,"column":4}},{"start":{"line":137,"column":4},"end":{"line":137,"column":4}}]},"22":{"line":178,"type":"if","locations":[{"start":{"line":178,"column":12},"end":{"line":178,"column":12}},{"start":{"line":178,"column":12},"end":{"line":178,"column":12}}]},"23":{"line":182,"type":"if","locations":[{"start":{"line":182,"column":12},"end":{"line":182,"column":12}},{"start":{"line":182,"column":12},"end":{"line":182,"column":12}}]},"24":{"line":193,"type":"if","locations":[{"start":{"line":193,"column":8},"end":{"line":193,"column":8}},{"start":{"line":193,"column":8},"end":{"line":193,"column":8}}]},"25":{"line":195,"type":"if","locations":[{"start":{"line":195,"column":12},"end":{"line":195,"column":12}},{"start":{"line":195,"column":12},"end":{"line":195,"column":12}}]},"26":{"line":223,"type":"binary-expr","locations":[{"start":{"line":223,"column":11},"end":{"line":223,"column":26}},{"start":{"line":223,"column":30},"end":{"line":223,"column":74}}]},"27":{"line":236,"type":"if","locations":[{"start":{"line":236,"column":12},"end":{"line":236,"column":12}},{"start":{"line":236,"column":12},"end":{"line":236,"column":12}}]},"28":{"line":237,"type":"if","locations":[{"start":{"line":237,"column":16},"end":{"line":237,"column":16}},{"start":{"line":237,"column":16},"end":{"line":237,"column":16}}]},"29":{"line":240,"type":"if","locations":[{"start":{"line":240,"column":21},"end":{"line":240,"column":21}},{"start":{"line":240,"column":21},"end":{"line":240,"column":21}}]},"30":{"line":268,"type":"if","locations":[{"start":{"line":268,"column":4},"end":{"line":268,"column":4}},{"start":{"line":268,"column":4},"end":{"line":268,"column":4}}]},"31":{"line":269,"type":"if","locations":[{"start":{"line":269,"column":8},"end":{"line":269,"column":8}},{"start":{"line":269,"column":8},"end":{"line":269,"column":8}}]},"32":{"line":269,"type":"binary-expr","locations":[{"start":{"line":269,"column":12},"end":{"line":269,"column":35}},{"start":{"line":269,"column":39},"end":{"line":269,"column":63}}]},"33":{"line":274,"type":"if","locations":[{"start":{"line":274,"column":12},"end":{"line":274,"column":12}},{"start":{"line":274,"column":12},"end":{"line":274,"column":12}}]}}},"/Users/nsbuilduser/workspace/CLI-release/lib/common/errors.js":{"path":"/Users/nsbuilduser/workspace/CLI-release/lib/common/errors.js","s":{"1":1,"2":1,"3":1,"4":1,"5":1,"6":0,"7":0,"8":0,"9":0,"10":0,"11":0,"12":0,"13":0,"14":0,"15":0,"16":0,"17":0,"18":0,"19":0,"20":0,"21":0,"22":0,"23":0,"24":0,"25":0,"26":0,"27":0,"28":0,"29":0,"30":0,"31":0,"32":0,"33":0,"34":0,"35":0,"36":0,"37":1,"38":1,"39":0,"40":0,"41":0,"42":0,"43":0,"44":0,"45":0,"46":0,"47":0,"48":0,"49":0,"50":0,"51":0,"52":1,"53":1,"54":1,"55":60,"56":1,"57":5,"58":5,"59":0,"60":5,"61":5,"62":1,"63":5,"64":5,"65":5,"66":5,"67":5,"68":5,"69":5,"70":5,"71":1,"72":4,"73":4,"74":0,"75":4,"76":4,"77":1,"78":10,"79":10,"80":10,"81":10,"82":0,"83":0,"84":0,"85":0,"86":0,"87":0,"88":1,"89":0,"90":0,"91":0,"92":1,"93":1,"94":1},"b":{"1":[0,0],"2":[0,0],"3":[0,0],"4":[0,0],"5":[0,0],"6":[0,0],"7":[0,0],"8":[0,0],"9":[0,0],"10":[1,4],"11":[5,5],"12":[5,5],"13":[0,0,0],"14":[0,0],"15":[0,0],"16":[0,0],"17":[0,0]},"f":{"1":5,"2":0,"3":0,"4":0,"5":1,"6":0,"7":1,"8":60,"9":5,"10":4,"11":10,"12":10,"13":0},"fnMap":{"1":{"name":"Exception","line":5,"loc":{"start":{"line":5,"column":0},"end":{"line":5,"column":21}}},"2":{"name":"resolveCallStack","line":8,"loc":{"start":{"line":8,"column":0},"end":{"line":8,"column":33}}},"3":{"name":"(anonymous_3)","line":10,"loc":{"start":{"line":10,"column":35},"end":{"line":10,"column":51}}},"4":{"name":"(anonymous_4)","line":24,"loc":{"start":{"line":24,"column":33},"end":{"line":24,"column":55}}},"5":{"name":"installUncaughtExceptionListener","line":48,"loc":{"start":{"line":48,"column":0},"end":{"line":48,"column":61}}},"6":{"name":"(anonymous_6)","line":49,"loc":{"start":{"line":49,"column":36},"end":{"line":49,"column":51}}},"7":{"name":"(anonymous_7)","line":75,"loc":{"start":{"line":75,"column":14},"end":{"line":75,"column":26}}},"8":{"name":"Errors","line":76,"loc":{"start":{"line":76,"column":4},"end":{"line":76,"column":22}}},"9":{"name":"(anonymous_9)","line":79,"loc":{"start":{"line":79,"column":28},"end":{"line":79,"column":55}}},"10":{"name":"(anonymous_10)","line":97,"loc":{"start":{"line":97,"column":39},"end":{"line":97,"column":58}}},"11":{"name":"(anonymous_11)","line":105,"loc":{"start":{"line":105,"column":36},"end":{"line":105,"column":72}}},"12":{"name":"(anonymous_12)","line":107,"loc":{"start":{"line":107,"column":16},"end":{"line":107,"column":28}}},"13":{"name":"(anonymous_13)","line":124,"loc":{"start":{"line":124,"column":34},"end":{"line":124,"column":53}}}},"statementMap":{"1":{"start":{"line":3,"column":0},"end":{"line":3,"column":27}},"2":{"start":{"line":4,"column":0},"end":{"line":4,"column":27}},"3":{"start":{"line":5,"column":0},"end":{"line":6,"column":1}},"4":{"start":{"line":7,"column":0},"end":{"line":7,"column":34}},"5":{"start":{"line":8,"column":0},"end":{"line":47,"column":1}},"6":{"start":{"line":9,"column":4},"end":{"line":9,"column":45}},"7":{"start":{"line":10,"column":4},"end":{"line":21,"column":7}},"8":{"start":{"line":11,"column":8},"end":{"line":11,"column":78}},"9":{"start":{"line":12,"column":8},"end":{"line":14,"column":9}},"10":{"start":{"line":13,"column":12},"end":{"line":13,"column":25}},"11":{"start":{"line":15,"column":8},"end":{"line":15,"column":62}},"12":{"start":{"line":16,"column":8},"end":{"line":19,"column":9}},"13":{"start":{"line":17,"column":12},"end":{"line":17,"column":46}},"14":{"start":{"line":18,"column":12},"end":{"line":18,"column":25}},"15":{"start":{"line":20,"column":8},"end":{"line":20,"column":20}},"16":{"start":{"line":22,"column":4},"end":{"line":22,"column":87}},"17":{"start":{"line":23,"column":4},"end":{"line":23,"column":27}},"18":{"start":{"line":24,"column":4},"end":{"line":41,"column":7}},"19":{"start":{"line":25,"column":8},"end":{"line":27,"column":9}},"20":{"start":{"line":26,"column":12},"end":{"line":26,"column":30}},"21":{"start":{"line":28,"column":8},"end":{"line":28,"column":41}},"22":{"start":{"line":29,"column":8},"end":{"line":29,"column":37}},"23":{"start":{"line":30,"column":8},"end":{"line":30,"column":34}},"24":{"start":{"line":31,"column":8},"end":{"line":31,"column":36}},"25":{"start":{"line":32,"column":8},"end":{"line":32,"column":44}},"26":{"start":{"line":33,"column":8},"end":{"line":35,"column":9}},"27":{"start":{"line":34,"column":12},"end":{"line":34,"column":36}},"28":{"start":{"line":36,"column":8},"end":{"line":36,"column":74}},"29":{"start":{"line":37,"column":8},"end":{"line":37,"column":54}},"30":{"start":{"line":38,"column":8},"end":{"line":38,"column":85}},"31":{"start":{"line":39,"column":8},"end":{"line":39,"column":73}},"32":{"start":{"line":40,"column":8},"end":{"line":40,"column":107}},"33":{"start":{"line":42,"column":4},"end":{"line":42,"column":44}},"34":{"start":{"line":43,"column":4},"end":{"line":45,"column":5}},"35":{"start":{"line":44,"column":8},"end":{"line":44,"column":82}},"36":{"start":{"line":46,"column":4},"end":{"line":46,"column":25}},"37":{"start":{"line":48,"column":0},"end":{"line":73,"column":1}},"38":{"start":{"line":49,"column":4},"end":{"line":72,"column":7}},"39":{"start":{"line":50,"column":8},"end":{"line":50,"column":34}},"40":{"start":{"line":51,"column":8},"end":{"line":58,"column":9}},"41":{"start":{"line":52,"column":12},"end":{"line":57,"column":13}},"42":{"start":{"line":53,"column":16},"end":{"line":53,"column":50}},"43":{"start":{"line":56,"column":16},"end":{"line":56,"column":71}},"44":{"start":{"line":59,"column":8},"end":{"line":59,"column":51}},"45":{"start":{"line":60,"column":8},"end":{"line":68,"column":9}},"46":{"start":{"line":61,"column":12},"end":{"line":67,"column":13}},"47":{"start":{"line":62,"column":16},"end":{"line":62,"column":77}},"48":{"start":{"line":63,"column":16},"end":{"line":63,"column":64}},"49":{"start":{"line":66,"column":16},"end":{"line":66,"column":71}},"50":{"start":{"line":69,"column":8},"end":{"line":71,"column":9}},"51":{"start":{"line":70,"column":12},"end":{"line":70,"column":32}},"52":{"start":{"line":74,"column":0},"end":{"line":74,"column":76}},"53":{"start":{"line":75,"column":0},"end":{"line":131,"column":5}},"54":{"start":{"line":76,"column":4},"end":{"line":78,"column":5}},"55":{"start":{"line":77,"column":8},"end":{"line":77,"column":36}},"56":{"start":{"line":79,"column":4},"end":{"line":96,"column":6}},"57":{"start":{"line":80,"column":8},"end":{"line":80,"column":22}},"58":{"start":{"line":81,"column":8},"end":{"line":83,"column":9}},"59":{"start":{"line":82,"column":12},"end":{"line":82,"column":41}},"60":{"start":{"line":84,"column":8},"end":{"line":84,"column":35}},"61":{"start":{"line":85,"column":8},"end":{"line":87,"column":9}},"62":{"start":{"line":86,"column":12},"end":{"line":86,"column":39}},"63":{"start":{"line":88,"column":8},"end":{"line":88,"column":37}},"64":{"start":{"line":89,"column":8},"end":{"line":89,"column":40}},"65":{"start":{"line":90,"column":8},"end":{"line":90,"column":50}},"66":{"start":{"line":91,"column":8},"end":{"line":91,"column":58}},"67":{"start":{"line":92,"column":8},"end":{"line":92,"column":63}},"68":{"start":{"line":93,"column":8},"end":{"line":93,"column":52}},"69":{"start":{"line":94,"column":8},"end":{"line":94,"column":65}},"70":{"start":{"line":95,"column":8},"end":{"line":95,"column":24}},"71":{"start":{"line":97,"column":4},"end":{"line":104,"column":6}},"72":{"start":{"line":98,"column":8},"end":{"line":98,"column":22}},"73":{"start":{"line":99,"column":8},"end":{"line":101,"column":9}},"74":{"start":{"line":100,"column":12},"end":{"line":100,"column":41}},"75":{"start":{"line":102,"column":8},"end":{"line":102,"column":30}},"76":{"start":{"line":103,"column":8},"end":{"line":103,"column":91}},"77":{"start":{"line":105,"column":4},"end":{"line":123,"column":6}},"78":{"start":{"line":106,"column":8},"end":{"line":106,"column":25}},"79":{"start":{"line":107,"column":8},"end":{"line":122,"column":22}},"80":{"start":{"line":108,"column":12},"end":{"line":121,"column":13}},"81":{"start":{"line":109,"column":16},"end":{"line":109,"column":39}},"82":{"start":{"line":112,"column":16},"end":{"line":112,"column":87}},"83":{"start":{"line":113,"column":16},"end":{"line":113,"column":112}},"84":{"start":{"line":114,"column":16},"end":{"line":116,"column":61}},"85":{"start":{"line":117,"column":16},"end":{"line":119,"column":17}},"86":{"start":{"line":118,"column":20},"end":{"line":118,"column":46}},"87":{"start":{"line":120,"column":16},"end":{"line":120,"column":76}},"88":{"start":{"line":124,"column":4},"end":{"line":129,"column":6}},"89":{"start":{"line":125,"column":8},"end":{"line":128,"column":9}},"90":{"start":{"line":126,"column":12},"end":{"line":126,"column":53}},"91":{"start":{"line":127,"column":12},"end":{"line":127,"column":24}},"92":{"start":{"line":130,"column":4},"end":{"line":130,"column":18}},"93":{"start":{"line":132,"column":0},"end":{"line":132,"column":24}},"94":{"start":{"line":133,"column":0},"end":{"line":133,"column":37}}},"branchMap":{"1":{"line":12,"type":"if","locations":[{"start":{"line":12,"column":8},"end":{"line":12,"column":8}},{"start":{"line":12,"column":8},"end":{"line":12,"column":8}}]},"2":{"line":16,"type":"if","locations":[{"start":{"line":16,"column":8},"end":{"line":16,"column":8}},{"start":{"line":16,"column":8},"end":{"line":16,"column":8}}]},"3":{"line":25,"type":"if","locations":[{"start":{"line":25,"column":8},"end":{"line":25,"column":8}},{"start":{"line":25,"column":8},"end":{"line":25,"column":8}}]},"4":{"line":33,"type":"if","locations":[{"start":{"line":33,"column":8},"end":{"line":33,"column":8}},{"start":{"line":33,"column":8},"end":{"line":33,"column":8}}]},"5":{"line":43,"type":"if","locations":[{"start":{"line":43,"column":4},"end":{"line":43,"column":4}},{"start":{"line":43,"column":4},"end":{"line":43,"column":4}}]},"6":{"line":51,"type":"if","locations":[{"start":{"line":51,"column":8},"end":{"line":51,"column":8}},{"start":{"line":51,"column":8},"end":{"line":51,"column":8}}]},"7":{"line":59,"type":"binary-expr","locations":[{"start":{"line":59,"column":22},"end":{"line":59,"column":31}},{"start":{"line":59,"column":35},"end":{"line":59,"column":49}}]},"8":{"line":60,"type":"if","locations":[{"start":{"line":60,"column":8},"end":{"line":60,"column":8}},{"start":{"line":60,"column":8},"end":{"line":60,"column":8}}]},"9":{"line":69,"type":"if","locations":[{"start":{"line":69,"column":8},"end":{"line":69,"column":8}},{"start":{"line":69,"column":8},"end":{"line":69,"column":8}}]},"10":{"line":85,"type":"if","locations":[{"start":{"line":85,"column":8},"end":{"line":85,"column":8}},{"start":{"line":85,"column":8},"end":{"line":85,"column":8}}]},"11":{"line":90,"type":"binary-expr","locations":[{"start":{"line":90,"column":25},"end":{"line":90,"column":34}},{"start":{"line":90,"column":38},"end":{"line":90,"column":49}}]},"12":{"line":93,"type":"binary-expr","locations":[{"start":{"line":93,"column":30},"end":{"line":93,"column":44}},{"start":{"line":93,"column":48},"end":{"line":93,"column":51}}]},"13":{"line":113,"type":"binary-expr","locations":[{"start":{"line":113,"column":37},"end":{"line":113,"column":57}},{"start":{"line":113,"column":61},"end":{"line":113,"column":84}},{"start":{"line":113,"column":88},"end":{"line":113,"column":111}}]},"14":{"line":114,"type":"cond-expr","locations":[{"start":{"line":115,"column":22},"end":{"line":115,"column":42}},{"start":{"line":116,"column":22},"end":{"line":116,"column":59}}]},"15":{"line":117,"type":"if","locations":[{"start":{"line":117,"column":16},"end":{"line":117,"column":16}},{"start":{"line":117,"column":16},"end":{"line":117,"column":16}}]},"16":{"line":120,"type":"cond-expr","locations":[{"start":{"line":120,"column":56},"end":{"line":120,"column":68}},{"start":{"line":120,"column":71},"end":{"line":120,"column":74}}]},"17":{"line":125,"type":"if","locations":[{"start":{"line":125,"column":8},"end":{"line":125,"column":8}},{"start":{"line":125,"column":8},"end":{"line":125,"column":8}}]}}},"/Users/nsbuilduser/workspace/CLI-release/lib/common/properties-parser.js":{"path":"/Users/nsbuilduser/workspace/CLI-release/lib/common/properties-parser.js","s":{"1":1,"2":1,"3":1,"4":1,"5":1,"6":5,"7":1,"8":0,"9":1,"10":10,"11":10,"12":10,"13":0,"14":10,"15":10,"16":1,"17":5,"18":5,"19":5,"20":5,"21":0,"22":5,"23":5,"24":5,"25":1,"26":5,"27":5,"28":5,"29":5,"30":0,"31":5,"32":5,"33":1,"34":1,"35":1},"b":{"1":[0,10],"2":[0,5],"3":[0,5]},"f":{"1":1,"2":5,"3":0,"4":10,"5":10,"6":5,"7":5,"8":5,"9":5},"fnMap":{"1":{"name":"(anonymous_1)","line":6,"loc":{"start":{"line":6,"column":24},"end":{"line":6,"column":36}}},"2":{"name":"PropertiesParser","line":7,"loc":{"start":{"line":7,"column":4},"end":{"line":7,"column":32}}},"3":{"name":"(anonymous_3)","line":10,"loc":{"start":{"line":10,"column":39},"end":{"line":10,"column":55}}},"4":{"name":"(anonymous_4)","line":13,"loc":{"start":{"line":13,"column":38},"end":{"line":13,"column":58}}},"5":{"name":"(anonymous_5)","line":15,"loc":{"start":{"line":15,"column":40},"end":{"line":15,"column":61}}},"6":{"name":"(anonymous_6)","line":25,"loc":{"start":{"line":25,"column":46},"end":{"line":25,"column":66}}},"7":{"name":"(anonymous_7)","line":28,"loc":{"star
[...]
{"line":184,"column":17}},"126":{"start":{"line":183,"column":20},"end":{"line":183,"column":31}},"127":{"start":{"line":185,"column":16},"end":{"line":187,"column":17}},"128":{"start":{"line":186,"column":20},"end":{"line":186,"column":48}},"129":{"start":{"line":188,"column":16},"end":{"line":190,"column":17}},"130":{"start":{"line":189,"column":20},"end":{"line":189,"column":39}},"131":{"start":{"line":193,"column":16},"end":{"line":193,"column":94}},"132":{"start":{"line":195,"column":12},"end":{"line":195,"column":24}},"133":{"start":{"line":198,"column":4},"end":{"line":198,"column":22}},"134":{"start":{"line":200,"column":0},"end":{"line":200,"column":32}},"135":{"start":{"line":201,"column":0},"end":{"line":201,"column":45}}},"branchMap":{"1":{"line":19,"type":"if","locations":[{"start":{"line":19,"column":12},"end":{"line":19,"column":12}},{"start":{"line":19,"column":12},"end":{"line":19,"column":12}}]},"2":{"line":26,"type":"if","locations":[{"start":{"line":26,"column":12},"end":{"line":26,"column":12}},{"start":{"line":26,"column":12},"end":{"line":26,"column":12}}]},"3":{"line":28,"type":"if","locations":[{"start":{"line":28,"column":16},"end":{"line":28,"column":16}},{"start":{"line":28,"column":16},"end":{"line":28,"column":16}}]},"4":{"line":36,"type":"binary-expr","locations":[{"start":{"line":36,"column":31},"end":{"line":36,"column":44}},{"start":{"line":36,"column":48},"end":{"line":36,"column":54}}]},"5":{"line":42,"type":"cond-expr","locations":[{"start":{"line":42,"column":50},"end":{"line":42,"column":56}},{"start":{"line":42,"column":59},"end":{"line":42,"column":71}}]},"6":{"line":44,"type":"binary-expr","locations":[{"start":{"line":44,"column":30},"end":{"line":44,"column":45}},{"start":{"line":44,"column":49},"end":{"line":44,"column":51}}]},"7":{"line":46,"type":"if","locations":[{"start":{"line":46,"column":12},"end":{"line":46,"column":12}},{"start":{"line":46,"column":12},"end":{"line":46,"column":12}}]},"8":{"line":53,"type":"if","locations":[{"start":{"line":53,"column":12},"end":{"line":53,"column":12}},{"start":{"line":53,"column":12},"end":{"line":53,"column":12}}]},"9":{"line":53,"type":"binary-expr","locations":[{"start":{"line":53,"column":16},"end":{"line":53,"column":31}},{"start":{"line":53,"column":35},"end":{"line":53,"column":81}}]},"10":{"line":54,"type":"if","locations":[{"start":{"line":54,"column":16},"end":{"line":54,"column":16}},{"start":{"line":54,"column":16},"end":{"line":54,"column":16}}]},"11":{"line":62,"type":"if","locations":[{"start":{"line":62,"column":12},"end":{"line":62,"column":12}},{"start":{"line":62,"column":12},"end":{"line":62,"column":12}}]},"12":{"line":63,"type":"if","locations":[{"start":{"line":63,"column":16},"end":{"line":63,"column":16}},{"start":{"line":63,"column":16},"end":{"line":63,"column":16}}]},"13":{"line":69,"type":"if","locations":[{"start":{"line":69,"column":12},"end":{"line":69,"column":12}},{"start":{"line":69,"column":12},"end":{"line":69,"column":12}}]},"14":{"line":78,"type":"if","locations":[{"start":{"line":78,"column":16},"end":{"line":78,"column":16}},{"start":{"line":78,"column":16},"end":{"line":78,"column":16}}]},"15":{"line":82,"type":"switch","locations":[{"start":{"line":83,"column":20},"end":{"line":85,"column":30}},{"start":{"line":86,"column":20},"end":{"line":88,"column":30}}]},"16":{"line":90,"type":"if","locations":[{"start":{"line":90,"column":16},"end":{"line":90,"column":16}},{"start":{"line":90,"column":16},"end":{"line":90,"column":16}}]},"17":{"line":93,"type":"if","locations":[{"start":{"line":93,"column":24},"end":{"line":93,"column":24}},{"start":{"line":93,"column":24},"end":{"line":93,"column":24}}]},"18":{"line":110,"type":"if","locations":[{"start":{"line":110,"column":24},"end":{"line":110,"column":24}},{"start":{"line":110,"column":24},"end":{"line":110,"column":24}}]},"19":{"line":110,"type":"binary-expr","locations":[{"start":{"line":110,"column":28},"end":{"line":110,"column":38}},{"start":{"line":110,"column":42},"end":{"line":110,"column":52}}]},"20":{"line":111,"type":"if","locations":[{"start":{"line":111,"column":28},"end":{"line":111,"column":28}},{"start":{"line":111,"column":28},"end":{"line":111,"column":28}}]},"21":{"line":130,"type":"if","locations":[{"start":{"line":130,"column":16},"end":{"line":130,"column":16}},{"start":{"line":130,"column":16},"end":{"line":130,"column":16}}]},"22":{"line":135,"type":"if","locations":[{"start":{"line":135,"column":12},"end":{"line":135,"column":12}},{"start":{"line":135,"column":12},"end":{"line":135,"column":12}}]},"23":{"line":135,"type":"binary-expr","locations":[{"start":{"line":135,"column":16},"end":{"line":135,"column":21}},{"start":{"line":135,"column":25},"end":{"line":135,"column":35}}]},"24":{"line":142,"type":"if","locations":[{"start":{"line":142,"column":12},"end":{"line":142,"column":12}},{"start":{"line":142,"column":12},"end":{"line":142,"column":12}}]},"25":{"line":143,"type":"if","locations":[{"start":{"line":143,"column":16},"end":{"line":143,"column":16}},{"start":{"line":143,"column":16},"end":{"line":143,"column":16}}]},"26":{"line":158,"type":"if","locations":[{"start":{"line":158,"column":12},"end":{"line":158,"column":12}},{"start":{"line":158,"column":12},"end":{"line":158,"column":12}}]},"27":{"line":166,"type":"if","locations":[{"start":{"line":166,"column":12},"end":{"line":166,"column":12}},{"start":{"line":166,"column":12},"end":{"line":166,"column":12}}]},"28":{"line":174,"type":"if","locations":[{"start":{"line":174,"column":8},"end":{"line":174,"column":8}},{"start":{"line":174,"column":8},"end":{"line":174,"column":8}}]},"29":{"line":182,"type":"if","locations":[{"start":{"line":182,"column":16},"end":{"line":182,"column":16}},{"start":{"line":182,"column":16},"end":{"line":182,"column":16}}]},"30":{"line":185,"type":"if","locations":[{"start":{"line":185,"column":16},"end":{"line":185,"column":16}},{"start":{"line":185,"column":16},"end":{"line":185,"column":16}}]},"31":{"line":188,"type":"if","locations":[{"start":{"line":188,"column":16},"end":{"line":188,"column":16}},{"start":{"line":188,"column":16},"end":{"line":188,"column":16}}]}}},"/Users/nsbuilduser/workspace/CLI-release/lib/common/sys-info-base.js":{"path":"/Users/nsbuilduser/workspace/CLI-release/lib/common/sys-info-base.js","s":{"1":1,"2":1,"3":1,"4":1,"5":1,"6":1,"7":11,"8":11,"9":11,"10":11,"11":11,"12":11,"13":11,"14":1,"15":11,"16":11,"17":11,"18":11,"19":11,"20":11,"21":11,"22":11,"23":11,"24":11,"25":11,"26":11,"27":0,"28":11,"29":11,"30":11,"31":11,"32":11,"33":11,"34":7,"35":4,"36":11,"37":11,"38":11,"39":11,"40":11,"41":11,"42":11,"43":10,"44":11,"45":11,"46":11,"47":11,"48":11,"49":7,"50":7,"51":4,"52":11,"53":11,"54":11,"55":11,"56":11,"57":11,"58":11,"59":1,"60":95,"61":95,"62":95,"63":34,"64":1,"65":11,"66":11,"67":11,"68":11,"69":11,"70":10,"71":7,"72":3,"73":11,"74":1,"75":3,"76":3,"77":3,"78":3,"79":1,"80":3,"81":3,"82":3,"83":1,"84":8,"85":1,"86":11,"87":11,"88":11,"89":11,"90":11,"91":11,"92":11,"93":1,"94":11,"95":5,"96":5,"97":3,"98":3,"99":3,"100":3,"101":8,"102":1,"103":1,"104":1},"b":{"1":[11,0],"2":[3,8],"3":[7,4],"4":[5,6],"5":[1,10],"6":[1,10],"7":[10,1],"8":[7,4],"9":[7,4],"10":[7,0],"11":[7,4],"12":[7,4],"13":[95,0],"14":[10,1],"15":[7,7,7],"16":[0,11],"17":[7,4],"18":[5,6],"19":[3,2],"20":[3,0],"21":[3,3]},"f":{"1":1,"2":11,"3":11,"4":11,"5":95,"6":11,"7":11,"8":3,"9":3,"10":3,"11":8,"12":11,"13":11,"14":11},"fnMap":{"1":{"name":"(anonymous_1)","line":7,"loc":{"start":{"line":7,"column":19},"end":{"line":7,"column":31}}},"2":{"name":"SysInfoBase","line":8,"loc":{"start":{"line":8,"column":4},"end":{"line":8,"column":87}}},"3":{"name":"(anonymous_3)","line":17,"loc":{"start":{"line":17,"column":39},"end":{"line":17,"column":86}}},"4":{"name":"(anonymous_4)","line":19,"loc":{"start":{"line":19,"column":16},"end":{"line":19,"column":28}}},"5":{"name":"(anonymous_5)","line":75,"loc":{"start":{"line":75,"column":33},"end":{"line":75,"column":61}}},"6":{"name":"(anonymous_6)","line":85,"loc":{"start":{"line":85,"column":41},"end":{"line":85,"column":66}}},"7":{"name":"(anonymous_7)","line":87,"loc":{"start":{"line":87,"column":16},"end":{"line":87,"column":28}}},"8":{"name":"(anonymous_8)","line":101,"loc":{"start":{"line":101,"column":35},"end":{"line":101,"column":47}}},"9":{"name":"(anonymous_9)","line":112,"loc":{"start":{"line":112,"column":46},"end":{"line":112,"column":67}}},"10":{"name":"(anonymous_10)","line":114,"loc":{"start":{"line":114,"column":16},"end":{"line":114,"column":28}}},"11":{"name":"(anonymous_11)","line":118,"loc":{"start":{"line":118,"column":36},"end":{"line":118,"column":48}}},"12":{"name":"(anonymous_12)","line":121,"loc":{"start":{"line":121,"column":51},"end":{"line":121,"column":63}}},"13":{"name":"(anonymous_13)","line":123,"loc":{"start":{"line":123,"column":16},"end":{"line":123,"column":28}}},"14":{"name":"(anonymous_14)","line":131,"loc":{"start":{"line":131,"column":47},"end":{"line":131,"column":59}}}},"statementMap":{"1":{"start":{"line":3,"column":0},"end":{"line":3,"column":23}},"2":{"start":{"line":4,"column":0},"end":{"line":4,"column":29}},"3":{"start":{"line":5,"column":0},"end":{"line":5,"column":27}},"4":{"start":{"line":6,"column":0},"end":{"line":6,"column":37}},"5":{"start":{"line":7,"column":0},"end":{"line":145,"column":5}},"6":{"start":{"line":8,"column":4},"end":{"line":16,"column":5}},"7":{"start":{"line":9,"column":8},"end":{"line":9,"column":43}},"8":{"start":{"line":10,"column":8},"end":{"line":10,"column":35}},"9":{"start":{"line":11,"column":8},"end":{"line":11,"column":49}},"10":{"start":{"line":12,"column":8},"end":{"line":12,"column":31}},"11":{"start":{"line":13,"column":8},"end":{"line":13,"column":31}},"12":{"start":{"line":14,"column":8},"end":{"line":14,"column":60}},"13":{"start":{"line":15,"column":8},"end":{"line":15,"column":38}},"14":{"start":{"line":17,"column":4},"end":{"line":74,"column":6}},"15":{"start":{"line":18,"column":8},"end":{"line":18,"column":25}},"16":{"start":{"line":19,"column":8},"end":{"line":73,"column":22}},"17":{"start":{"line":20,"column":12},"end":{"line":71,"column":13}},"18":{"start":{"line":21,"column":16},"end":{"line":21,"column":46}},"19":{"start":{"line":22,"column":16},"end":{"line":22,"column":31}},"20":{"start":{"line":23,"column":16},"end":{"line":23,"column":61}},"21":{"start":{"line":24,"column":16},"end":{"line":24,"column":76}},"22":{"start":{"line":25,"column":16},"end":{"line":25,"column":45}},"23":{"start":{"line":26,"column":16},"end":{"line":26,"column":86}},"24":{"start":{"line":27,"column":16},"end":{"line":27,"column":42}},"25":{"start":{"line":28,"column":16},"end":{"line":33,"column":17}},"26":{"start":{"line":29,"column":20},"end":{"line":29,"column":75}},"27":{"start":{"line":32,"column":20},"end":{"line":32,"column":61}},"28":{"start":{"line":34,"column":16},"end":{"line":34,"column":44}},"29":{"start":{"line":35,"column":16},"end":{"line":35,"column":46}},"30":{"start":{"line":36,"column":16},"end":{"line":36,"column":50}},"31":{"start":{"line":37,"column":16},"end":{"line":37,"column":75}},"32":{"start":{"line":38,"column":16},"end":{"line":44,"column":17}},"33":{"start":{"line":39,"column":20},"end":{"line":39,"column":112}},"34":{"start":{"line":40,"column":20},"end":{"line":40,"column":100}},"35":{"start":{"line":43,"column":20},"end":{"line":43,"column":39}},"36":{"start":{"line":45,"column":16},"end":{"line":45,"column":59}},"37":{"start":{"line":46,"column":16},"end":{"line":46,"column":99}},"38":{"start":{"line":47,"column":16},"end":{"line":47,"column":88}},"39":{"start":{"line":48,"column":16},"end":{"line":48,"column":61}},"40":{"start":{"line":49,"column":16},"end":{"line":49,"column":86}},"41":{"start":{"line":50,"column":16},"end":{"line":50,"column":98}},"42":{"start":{"line":51,"column":16},"end":{"line":53,"column":17}},"43":{"start":{"line":52,"column":20},"end":{"line":52,"column":111}},"44":{"start":{"line":54,"column":16},"end":{"line":54,"column":87}},"45":{"start":{"line":55,"column":16},"end":{"line":55,"column":77}},"46":{"start":{"line":56,"column":16},"end":{"line":56,"column":80}},"47":{"start":{"line":57,"column":16},"end":{"line":57,"column":58}},"48":{"start":{"line":58,"column":16},"end":{"line":64,"column":17}},"49":{"start":{"line":59,"column":20},"end":{"line":59,"column":69}},"50":{"start":{"line":60,"column":20},"end":{"line":60,"column":58}},"51":{"start":{"line":63,"column":20},"end":{"line":63,"column":39}},"52":{"start":{"line":65,"column":16},"end":{"line":65,"column":57}},"53":{"start":{"line":66,"column":16},"end":{"line":66,"column":89}},"54":{"start":{"line":67,"column":16},"end":{"line":67,"column":53}},"55":{"start":{"line":68,"column":16},"end":{"line":68,"column":87}},"56":{"start":{"line":69,"column":16},"end":{"line":69,"column":73}},"57":{"start":{"line":70,"column":16},"end":{"line":70,"column":41}},"58":{"start":{"line":72,"column":12},"end":{"line":72,"column":38}},"59":{"start":{"line":75,"column":4},"end":{"line":84,"column":6}},"60":{"start":{"line":76,"column":8},"end":{"line":82,"column":9}},"61":{"start":{"line":77,"column":12},"end":{"line":79,"column":13}},"62":{"start":{"line":78,"column":16},"end":{"line":78,"column":78}},"63":{"start":{"line":83,"column":8},"end":{"line":83,"column":20}},"64":{"start":{"line":85,"column":4},"end":{"line":100,"column":6}},"65":{"start":{"line":86,"column":8},"end":{"line":86,"column":25}},"66":{"start":{"line":87,"column":8},"end":{"line":99,"column":22}},"67":{"start":{"line":88,"column":12},"end":{"line":88,"column":31}},"68":{"start":{"line":89,"column":12},"end":{"line":97,"column":13}},"69":{"start":{"line":90,"column":16},"end":{"line":93,"column":17}},"70":{"start":{"line":91,"column":20},"end":{"line":91,"column":147}},"71":{"start":{"line":92,"column":20},"end":{"line":92,"column":132}},"72":{"start":{"line":96,"column":16},"end":{"line":96,"column":120}},"73":{"start":{"line":98,"column":12},"end":{"line":98,"column":26}},"74":{"start":{"line":101,"column":4},"end":{"line":111,"column":6}},"75":{"start":{"line":102,"column":8},"end":{"line":109,"column":9}},"76":{"start":{"line":103,"column":12},"end":{"line":105,"column":62}},"77":{"start":{"line":108,"column":12},"end":{"line":108,"column":36}},"78":{"start":{"line":110,"column":8},"end":{"line":110,"column":20}},"79":{"start":{"line":112,"column":4},"end":{"line":117,"column":6}},"80":{"start":{"line":113,"column":8},"end":{"line":113,"column":25}},"81":{"start":{"line":114,"column":8},"end":{"line":116,"column":22}},"82":{"start":{"line":115,"column":12},"end":{"line":115,"column":160}},"83":{"start":{"line":118,"column":4},"end":{"line":120,"column":6}},"84":{"start":{"line":119,"column":8},"end":{"line":119,"column":37}},"85":{"start":{"line":121,"column":4},"end":{"line":130,"column":6}},"86":{"start":{"line":122,"column":8},"end":{"line":122,"column":25}},"87":{"start":{"line":123,"column":8},"end":{"line":129,"column":22}},"88":{"start":{"line":124,"column":12},"end":{"line":124,"column":52}},"89":{"start":{"line":125,"column":12},"end":{"line":125,"column":49}},"90":{"start":{"line":126,"column":12},"end":{"line":126,"column":140}},"91":{"start":{"line":127,"column":12},"end":{"line":127,"column":111}},"92":{"start":{"line":128,"column":12},"end":{"line":128,"column":72}},"93":{"start":{"line":131,"column":4},"end":{"line":143,"column":6}},"94":{"start":{"line":132,"column":8},"end":{"line":141,"column":9}},"95":{"start":{"line":133,"column":12},"end":{"line":133,"column":61}},"96":{"start":{"line":134,"column":12},"end":{"line":140,"column":13}},"97":{"start":{"line":135,"column":16},"end":{"line":135,"column":93}},"98":{"start":{"line":136,"column":16},"end":{"line":138,"column":17}},"99":{"start":{"line":137,"column":20},"end":{"line":137,"column":69}},"100":{"start":{"line":139,"column":16},"end":{"line":139,"column":39}},"101":{"start":{"line":142,"column":8},"end":{"line":142,"column":20}},"102":{"start":{"line":144,"column":4},"end":{"line":144,"column":23}},"103":{"start":{"line":146,"column":0},"end":{"line":146,"column":34}},"104":{"start":{"line":147,"column":0},"end":{"line":147,"column":47}}},"branchMap":{"1":{"line":20,"type":"if","locations":[{"start":{"line":20,"column":12},"end":{"line":20,"column":12}},{"start":{"line":20,"column":12},"end":{"line":20,"column":12}}]},"2":{"line":26,"type":"cond-expr","locations":[{"start":{"line":26,"column":53},"end":{"line":26,"column":67}},{"start":{"line":26,"column":70},"end":{"line":26,"column":85}}]},"3":{"line":37,"type":"cond-expr","locations":[{"start":{"line":37,"column":42},"end":{"line":37,"column":67}},{"start":{"line":37,"column":70},"end":{"line":37,"column":74}}]},"4":{"line":46,"type":"cond-expr","locations":[{"start":{"line":46,"column":58},"end":{"line":46,"column":91}},{"start":{"line":46,"column":94},"end":{"line":46,"column":98}}]},"5":{"line":49,"type":"cond-expr","locations":[{"start":{"line":49,"column":51},"end":{"line":49,"column":77}},{"start":{"line":49,"column":80},"end":{"line":49,"column":85}}]},"6":{"line":50,"type":"cond-expr","locations":[{"start":{"line":50,"column":55},"end":{"line":50,"column":85}},{"start":{"line":50,"column":88},"end":{"line":50,"column":97}}]},"7":{"line":51,"type":"if","locations":[{"start":{"line":51,"column":16},"end":{"line":51,"column":16}},{"start":{"line":51,"column":16},"end":{"line":51,"column":16}}]},"8":{"line":55,"type":"cond-expr","locations":[{"start":{"line":55,"column":42},"end":{"line":55,"column":69}},{"start":{"line":55,"column":72},"end":{"line":55,"column":76}}]},"9":{"line":58,"type":"if","locations":[{"start":{"line":58,"column":16},"end":{"line":58,"column":16}},{"start":{"line":58,"column":16},"end":{"line":58,"column":16}}]},"10":{"line":60,"type":"cond-expr","locations":[{"start":{"line":60,"column":42},"end":{"line":60,"column":50}},{"start":{"line":60,"column":53},"end":{"line":60,"column":57}}]},"11":{"line":66,"type":"cond-expr","locations":[{"start":{"line":66,"column":42},"end":{"line":66,"column":81}},{"start":{"line":66,"column":84},"end":{"line":66,"column":88}}]},"12":{"line":68,"type":"cond-expr","locations":[{"start":{"line":68,"column":45},"end":{"line":68,"column":79}},{"start":{"line":68,"column":82},"end":{"line":68,"column":86}}]},"13":{"line":77,"type":"if","locations":[{"start":{"line":77,"column":12},"end":{"line":77,"column":12}},{"start":{"line":77,"column":12},"end":{"line":77,"column":12}}]},"14":{"line":90,"type":"if","locations":[{"start":{"line":90,"column":16},"end":{"line":90,"column":16}},{"start":{"line":90,"column":16},"end":{"line":90,"column":16}}]},"15":{"line":92,"type":"binary-expr","locations":[{"start":{"line":92,"column":29},"end":{"line":92,"column":48}},{"start":{"line":92,"column":52},"end":{"line":92,"column":78}},{"start":{"line":92,"column":82},"end":{"line":92,"column":131}}]},"16":{"line":126,"type":"cond-expr","locations":[{"start":{"line":126,"column":58},"end":{"line":126,"column":111}},{"start":{"line":126,"column":114},"end":{"line":126,"column":139}}]},"17":{"line":128,"type":"cond-expr","locations":[{"start":{"line":128,"column":28},"end":{"line":128,"column":64}},{"start":{"line":128,"column":67},"end":{"line":128,"column":71}}]},"18":{"line":132,"type":"if","locations":[{"start":{"line":132,"column":8},"end":{"line":132,"column":8}},{"start":{"line":132,"column":8},"end":{"line":132,"column":8}}]},"19":{"line":134,"type":"if","locations":[{"start":{"line":134,"column":12},"end":{"line":134,"column":12}},{"start":{"line":134,"column":12},"end":{"line":134,"column":12}}]},"20":{"line":136,"type":"if","locations":[{"start":{"line":136,"column":16},"end":{"line":136,"column":16}},{"start":{"line":136,"column":16},"end":{"line":136,"column":16}}]},"21":{"line":136,"type":"binary-expr","locations":[{"start":{"line":136,"column":20},"end":{"line":136,"column":40}},{"start":{"line":136,"column":44},"end":{"line":136,"column":67}}]}}}}